<?xml version="1.0" encoding="utf-8"?><testsuites name="pytest tests"><testsuite name="pytest" errors="0" failures="0" skipped="15" tests="2651" time="663.289" timestamp="2026-08-13T15:01:36.967611+02:00" hostname="hetztop"><testcase classname="tests.nanopynix.rpc.client.test_workerpool" name="test_worker_death_detection" time="1.985" /><testcase classname="tests.nanopynix.rpc.client.test_workerpool" name="test_a_killed_worker_fails_the_call_that_was_in_flight" time="2.312" /><testcase classname="tests.nanopynix.rpc.client.test_workerpool" name="test_a_killed_worker_still_lets_the_eval_session_close" time="1.975" /><testcase classname="tests.nanopynix.rpc.client.test_workerpool" name="test_a_fresh_session_works_after_a_worker_died" time="3.619" /><testcase classname="tests.nanopynix.rpc.client.test_workerpool" name="test_an_aborted_worker_reports_its_signal" time="2.863" /><testcase classname="tests.nanopynix.rpc.client.test_workerpool" name="test_an_abort_nobody_was_waiting_for_fails_the_close" time="2.930" /><testcase classname="tests.nanopynix.test_examples" name="test_example_runs[eval_example.py]" time="2.027" /><testcase classname="tests.nanopynix.test_examples" name="test_example_runs[flake_example.py]" time="2.155" /><testcase classname="tests.nanopynix.test_examples" name="test_example_runs[hello_example.py]" time="1.925" /><testcase classname="tests.nanopynix.test_examples" name="test_example_runs[inproc_example.py]" time="0.216" /><testcase classname="tests.nanopynix.test_examples" name="test_example_runs[primops_example.py]" time="2.006" /><testcase classname="tests.nanopynix.test_examples" name="test_example_runs[quickstart_example.py]" time="1.924" /><testcase classname="tests.nanopynix.test_examples" name="test_example_runs[settings_example.py]" time="5.551" /><testcase classname="tests.nanopynix.test_examples" name="test_example_runs[store_example.py]" time="1.867" /><testcase classname="tests.nanopynix.test_examples" name="test_example_runs[stores_example.py]" time="2.033" /><testcase classname="tests.gates.test_static_gates" name="test_static_gate[ruff]" time="0.112"><skipped type="pytest.xfail" message="the static-checks job of CI is the gate; this run is the local signal" /></testcase><testcase classname="tests.gates.test_static_gates" name="test_static_gate[ruff-strict]" time="0.123"><skipped type="pytest.xfail" message="the static-checks job of CI is the gate; this run is the local signal" /></testcase><testcase classname="tests.gates.test_static_gates" name="test_static_gate[pyright]" time="15.602"><skipped type="pytest.xfail" message="the static-checks job of CI is the gate; this run is the local signal" /></testcase><testcase classname="tests.gates.test_static_gates" name="test_static_gate[shellcheck]" time="0.002"><skipped type="pytest.skip" message="shellcheck is not on PATH, which is expected under the packaged runner">/nix/store/kbwfm4w66q0dzkx27ph9ab008rh872vn-nanopynix-source/tests/gates/test_static_gates.py:75: shellcheck is not on PATH, which is expected under the packaged runner</skipped></testcase><testcase classname="tests.harness.test_lsp_driver_settle" name="test_settle_waits_for_a_pending_warm_task[local]" time="1.753" /><testcase classname="tests.nanopynix.bindings.test_expr.TestEvalString" name="test_eval_int[local]" time="0.014" /><testcase classname="tests.nanopynix.bindings.test_expr.TestEvalString" name="test_eval_float[local]" time="0.001" /><testcase classname="tests.nanopynix.bindings.test_expr.TestEvalString" name="test_eval_bool_true[local]" time="0.001" /><testcase classname="tests.nanopynix.bindings.test_expr.TestEvalString" name="test_eval_bool_false[local]" time="0.001" /><testcase classname="tests.nanopynix.bindings.test_expr.TestEvalString" name="test_eval_string[local]" time="0.001" /><testcase classname="tests.nanopynix.bindings.test_expr.TestEvalString" name="test_eval_null[local]" time="0.001" /><testcase classname="tests.nanopynix.bindings.test_expr.TestEvalString" name="test_eval_nested_string_interpolation[local]" time="0.001" /><testcase classname="tests.nanopynix.bindings.test_expr.TestEvalString" name="test_value_keeps_eval_state_alive[local]" time="0.162" /><testcase classname="tests.nanopynix.bindings.test_expr.TestEvalString" name="test_a_selected_value_keeps_the_eval_state_alive_without_its_parent[local]" time="0.151" /><testcase classname="tests.nanopynix.bindings.test_expr.TestEvalAttrs" name="test_eval_simple_attrs[local]" time="0.001" /><testcase classname="tests.nanopynix.bindings.test_expr.TestEvalAttrs" name="test_attr_get[local]" time="0.001" /><testcase classname="tests.nanopynix.bindings.test_expr.TestEvalAttrs" name="test_attr_get_missing_raises[local]" time="0.001" /><testcase classname="tests.nanopynix.bindings.test_expr.TestEvalAttrs" name="test_attr_get_on_non_attrs_raises[local]" time="0.001" /><testcase classname="tests.nanopynix.bindings.test_expr.TestEvalList" name="test_eval_list[local]" time="0.001" /><testcase classname="tests.nanopynix.bindings.test_expr.TestEvalList" name="test_list_get[local]" time="0.001" /><testcase classname="tests.nanopynix.bindings.test_expr.TestEvalList" name="test_list_get_out_of_range_raises[local]" time="0.001" /><testcase classname="tests.nanopynix.bindings.test_expr.TestEvalList" name="test_list_nested[local]" time="0.001" /><testcase classname="tests.nanopynix.bindings.test_expr.TestToPython" name="test_int[local]" time="0.001" /><testcase classname="tests.nanopynix.bindings.test_expr.TestToPython" name="test_float[local]" time="0.001" /><testcase classname="tests.nanopynix.bindings.test_expr.TestToPython" name="test_bool[local]" time="0.001" /><testcase classname="tests.nanopynix.bindings.test_expr.TestToPython" name="test_string[local]" time="0.001" /><testcase classname="tests.nanopynix.bindings.test_expr.TestToPython" name="test_null[local]" time="0.001" /><testcase classname="tests.nanopynix.bindings.test_expr.TestToPython" name="test_list[local]" time="0.001" /><testcase classname="tests.nanopynix.bindings.test_expr.TestToPython" name="test_attrs_to_dict[local]" time="0.001" /><testcase classname="tests.nanopynix.bindings.test_expr.TestToPython" name="test_nested_attrs[local]" time="0.001" /><testcase classname="tests.nanopynix.bindings.test_expr.TestCall" name="test_call_function[local]" time="0.001" /><testcase classname="tests.nanopynix.bindings.test_expr.TestCall" name="test_call_multi_arg[local]" time="0.001" /><testcase classname="tests.nanopynix.bindings.test_expr.TestCall" name="test_call_with_attrs[local]" time="0.001" /><testcase classname="tests.nanopynix.bindings.test_expr.TestValueTypes" name="test_is_methods_int[local]" time="0.001" /><testcase classname="tests.nanopynix.bindings.test_expr.TestValueTypes" name="test_is_methods_float[local]" time="0.001" /><testcase classname="tests.nanopynix.bindings.test_expr.TestValueTypes" name="test_is_methods_bool[local]" time="0.001" /><testcase classname="tests.nanopynix.bindings.test_expr.TestValueTypes" name="test_is_methods_string[local]" time="0.001" /><testcase classname="tests.nanopynix.bindings.test_expr.TestValueTypes" name="test_is_methods_attrs[local]" time="0.001" /><testcase classname="tests.nanopynix.bindings.test_expr.TestValueTypes" name="test_is_methods_list[local]" time="0.001" /><testcase classname="tests.nanopynix.bindings.test_expr.TestValueTypes" name="test_is_methods_function[local]" time="0.001" /><testcase classname="tests.nanopynix.bindings.test_expr.TestValueTypes" name="test_is_methods_null[local]" time="0.001" /><testcase classname="tests.nanopynix.bindings.test_expr.TestForce" name="test_force[local]" time="0.001" /><testcase classname="tests.nanopynix.bindings.test_expr.TestForce" name="test_force_deep[local]" time="0.001" /><testcase classname="tests.nanopynix.bindings.test_expr.TestEvalFile" name="test_eval_file_simple[local]" time="0.002" /><testcase classname="tests.nanopynix.bindings.test_expr.TestAllocValue" name="test_alloc_value[local]" time="0.001" /><testcase classname="tests.nanopynix.bindings.test_expr.TestThreadConfinement" name="test_a_foreign_thread_cannot_read_a_value[local]" time="0.002" /><testcase classname="tests.nanopynix.bindings.test_expr.TestThreadConfinement" name="test_every_accessor_refuses_a_foreign_thread[local-type]" time="0.003" /><testcase classname="tests.nanopynix.bindings.test_expr.TestThreadConfinement" name="test_a_foreign_thread_cannot_drive_the_eval_state[local]" time="0.002" /><testcase classname="tests.nanopynix.bindings.test_expr.TestThreadConfinement" name="test_the_owner_is_the_building_thread_and_not_the_main_thread[local]" time="0.002" /><testcase classname="tests.nanopynix.bindings.test_expr.TestThreadConfinement" name="test_a_value_dropped_on_a_foreign_thread_still_frees_its_root[local]" time="0.159" /><testcase classname="tests.nanopynix.bindings.test_expr.TestEvaluatorThreadRegistration" name="test_a_stale_registration_is_taken_over_and_removed[local]" time="0.001" /><testcase classname="tests.nanopynix.bindings.test_expr.TestEvaluatorThreadRegistration" name="test_the_collector_has_an_owner_thread[local]" time="0.001" /><testcase classname="tests.nanopynix.bindings.test_expr.TestEvaluatorThreadRegistration" name="test_the_main_thread_does_not_own_the_collector[local]" time="0.001" /><testcase classname="tests.nanopynix.bindings.test_expr.TestEvaluatorThreadRegistration" name="test_the_thread_that_builds_an_evaluator_is_registered[local]" time="0.001" /><testcase classname="tests.nanopynix.bindings.test_expr.TestEvaluatorThreadRegistration" name="test_a_plain_thread_is_not_registered[local]" time="0.001" /><testcase classname="tests.nanopynix.bindings.test_fetchers.TestInputFingerprint" name="test_get_fingerprint[local]" time="0.001" /><testcase classname="tests.nanopynix.bindings.test_flake.TestLockFlake" name="test_lock_flake_nixpkgs[local]" time="0.009" /><testcase classname="tests.nanopynix.bindings.test_flake.TestLockFlake" name="test_find_input_answers_none_for_a_flake_with_no_inputs[local]" time="0.004" /><testcase classname="tests.nanopynix.bindings.test_flake.TestLockFlake" name="test_find_input_answers_none_for_the_root[local]" time="0.004" /><testcase classname="tests.nanopynix.bindings.test_flake.TestLockFlake" name="test_lock_flake_repr[local]" time="0.004" /><testcase classname="tests.nanopynix.bindings.test_flake.TestLockFlake" name="test_lock_flake_accepts_flake_settings[local]" time="0.004" /><testcase classname="tests.nanopynix.bindings.test_flake.TestLockFlake" name="test_lock_flake_rejects_unknown_flake_setting[local]" time="0.003" /><testcase classname="tests.nanopynix.bindings.test_flake.TestGitFetcherSettings" name="test_a_clean_git_flake_locks[local]" time="0.006" /><testcase classname="tests.nanopynix.bindings.test_flake.TestGitFetcherSettings" name="test_the_evaluator_refuses_a_dirty_tree_when_allow_dirty_is_off[local]" time="0.005" /><testcase classname="tests.nanopynix.bindings.test_flake.TestGitFetcherSettings" name="test_the_evaluator_accepts_a_dirty_tree_when_allow_dirty_is_on[local]" time="0.007" /><testcase classname="tests.nanopynix.bindings.test_flake.TestGetFlake" name="test_get_flake[local]" time="0.005" /><testcase classname="tests.nanopynix.bindings.test_flake.TestCallFlake" name="test_call_flake[local]" time="0.007" /><testcase classname="tests.nanopynix.bindings.test_flake.TestEvalFlake" name="test_eval_flake[local]" time="0.007" /><testcase classname="tests.nanopynix.bindings.test_flake.TestEvalFlake" name="test_eval_flake_writes_lock_file[local]" time="0.018" /><testcase classname="tests.nanopynix.bindings.test_flake.TestEvalFlake" name="test_eval_flake_no_write_lock_file[local]" time="0.005" /><testcase classname="tests.nanopynix.bindings.test_flake.TestWriteLockFile" name="test_write_lock_file[local]" time="0.009" /><testcase classname="tests.nanopynix.bindings.test_l1_store_bindings.TestStore" name="test_store_dir[local]" time="0.001" /><testcase classname="tests.nanopynix.bindings.test_l1_store_bindings.TestStore" name="test_uri[local]" time="0.001" /><testcase classname="tests.nanopynix.bindings.test_l1_store_bindings.TestStore" name="test_is_valid_path_valid[local]" time="0.001" /><testcase classname="tests.nanopynix.bindings.test_l1_store_bindings.TestStore" name="test_is_valid_path_invalid[local]" time="0.001" /><testcase classname="tests.nanopynix.bindings.test_l1_store_bindings.TestStore" name="test_parse_store_path[local]" time="0.001" /><testcase classname="tests.nanopynix.bindings.test_l1_store_bindings.TestStore" name="test_build_paths_with_results_already_valid[local]" time="0.001" /><testcase classname="tests.nanopynix.bindings.test_l1_store_bindings.TestStore" name="test_build_paths_with_results_bogus[local]" time="0.005" /><testcase classname="tests.nanopynix.bindings.test_l1_store_bindings.TestStore" name="test_a_non_derivation_is_reported_as_an_opaque_request[local]" time="0.001" /><testcase classname="tests.nanopynix.bindings.test_l1_store_bindings.TestStore" name="test_a_bare_derivation_is_opaque_here_and_selects_no_outputs[local]" time="0.001" /><testcase classname="tests.nanopynix.bindings.test_l1_store_bindings.TestStore" name="test_a_derivation_with_an_explicit_selector_is_reported_as_all_outputs[local]" time="0.001" /><testcase classname="tests.nanopynix.bindings.test_l1_store_bindings.TestStore" name="test_query_path_info[local]" time="0.001" /><testcase classname="tests.nanopynix.bindings.test_l1_store_bindings.TestStore" name="test_query_path_from_hash_part[local]" time="0.001" /><testcase classname="tests.nanopynix.bindings.test_l1_store_bindings.TestStore" name="test_compute_fs_closure[local]" time="0.001" /><testcase classname="tests.nanopynix.bindings.test_l1_store_bindings.TestStore" name="test_query_derivation_outputs[local]" time="0.001" /><testcase classname="tests.nanopynix.bindings.test_l1_store_bindings.TestStore" name="test_query_all_valid_paths[local]" time="0.001" /><testcase classname="tests.nanopynix.bindings.test_l1_store_bindings.TestStore" name="test_query_referrers[local]" time="0.001" /><testcase classname="tests.nanopynix.bindings.test_l1_store_bindings.TestStore" name="test_add_temp_root[local]" time="0.001" /><testcase classname="tests.nanopynix.bindings.test_l1_store_bindings.TestStore" name="test_add_perm_root_and_indirect_root[local]" time="0.001" /><testcase classname="tests.nanopynix.bindings.test_l1_store_bindings.TestStore" name="test_ensure_path[local]" time="0.001" /><testcase classname="tests.nanopynix.bindings.test_l1_store_bindings.TestStore" name="test_copy_closure[local]" time="0.013" /><testcase classname="tests.nanopynix.bindings.test_l1_store_bindings.TestBuildResult" name="test_success_repr[local]" time="0.001" /><testcase classname="tests.nanopynix.bindings.test_l1_store_bindings.TestPathInfo" name="test_repr[local]" time="0.001" /><testcase classname="tests.nanopynix.bindings.test_l1_store_bindings.TestPathInfo" name="test_registration_time[local]" time="0.001" /><testcase classname="tests.nanopynix.bindings.test_l1_store_bindings.TestPathInfo" name="test_deriver[local]" time="0.001" /><testcase classname="tests.nanopynix.bindings.test_python_store_path_info" name="test_real_path_info_round_trips_through_a_python_store[local]" time="0.001" /><testcase classname="tests.nanopynix.bindings.test_python_store_path_info.TestUnderlyingStoreFallthrough" name="test_opening_a_store_with_an_underlying_store_works_at_all[local]" time="0.001" /><testcase classname="tests.nanopynix.bindings.test_python_store_path_info.TestUnderlyingStoreFallthrough" name="test_unimplemented_methods_reach_the_underlying_store[local]" time="0.001" /><testcase classname="tests.nanopynix.bindings.test_python_store_path_info.TestUnderlyingStoreFallthrough" name="test_an_implemented_method_wins_over_the_underlying_store[local]" time="0.001" /><testcase classname="tests.nanopynix.bindings.test_python_store_path_info.TestUnderlyingStoreFallthrough" name="test_underlying_store_may_be_set_per_instance[local]" time="0.001" /><testcase classname="tests.nanopynix.bindings.test_python_store_path_info.TestUnderlyingStoreFallthrough" name="test_the_deferring_queries_still_delegate[local]" time="0.001" /><testcase classname="tests.nanopynix.bindings.test_python_store_path_info.TestTheWholeDispatchableInterface" name="test_an_implemented_operation_is_not_second_guessed_by_underlying[local]" time="0.001" /><testcase classname="tests.nanopynix.bindings.test_python_store_path_info.TestReadDerivationIsServedByNixSOwnParser" name="test_a_store_that_does_not_implement_it_answers_as_its_underlying_one[local]" time="0.001" /><testcase classname="tests.nanopynix.bindings.test_python_store_path_info.TestEveryOperationDelegates" name="test_the_answer_is_the_underlying_store_s_answer[local-add_temp_root]" time="0.001" /><testcase classname="tests.nanopynix.bindings.test_store_empty_path" name="test_empty_path_raises_instead_of_aborting[local-add_perm_root]" time="0.009" /><testcase classname="tests.nanopynix.bindings.test_store_empty_path" name="test_other_malformed_paths_keep_their_original_error_type[local-x-BadStorePathError]" time="0.004" /><testcase classname="tests.nanopynix.bindings.test_store_empty_path" name="test_the_guard_lives_in_cpp_not_in_the_python_wrapper[local]" time="0.004" /><testcase classname="tests.nanopynix.bindings.test_value_accessor_types" name="test_accessor_on_the_wrong_type_raises_instead_of_crashing[local-42]" time="0.010" /><testcase classname="tests.nanopynix.bindings.test_value_accessor_types" name="test_accessor_on_the_right_type_still_works[local-int]" time="0.007" /><testcase classname="tests.nanopynix.bindings.test_value_accessor_types" name="test_accessors_force_a_thunk_first[local]" time="0.006" /><testcase classname="tests.nanopynix.bindings.test_value_accessor_types" name="test_an_int_read_as_a_string_names_both_types[local]" time="0.006" /><testcase classname="tests.nanopynix.core.test_extract" name="test_path_info_from_real_path[local]" time="0.001" /><testcase classname="tests.nanopynix.core.test_extract" name="test_path_info_deriver_none[local]" time="0.001" /><testcase classname="tests.nanopynix.core.test_extract" name="test_missing_info_shape[local]" time="0.001" /><testcase classname="tests.nanopynix.core.test_extract" name="test_locked_flake_shape[local]" time="0.007" /><testcase classname="tests.nanopynix.inproc.test_inproc" name="test_inproc_yaml_primops[local]" time="0.009" /><testcase classname="tests.nanopynix.inproc.test_inproc" name="test_inproc_eval_value_navigation[local]" time="0.008" /><testcase classname="tests.nanopynix.inproc.test_inproc" name="test_inproc_value_autocall_and_realise_argv[local]" time="0.007" /><testcase classname="tests.nanopynix.inproc.test_inproc" name="test_inproc_repl_supports_shared_protocol_operations[local]" time="0.009" /><testcase classname="tests.nanopynix.inproc.test_inproc" name="test_inproc_allows_concurrent_eval_states_on_one_store[local]" time="0.010" /><testcase classname="tests.nanopynix.inproc.test_inproc" name="test_inproc_concurrent_eval_sessions_have_independent_pure_eval[local]" time="0.011" /><testcase classname="tests.nanopynix.inproc.test_inproc" name="test_inproc_value_rejects_use_after_eval_close[local]" time="0.006" /><testcase classname="tests.nanopynix.inproc.test_inproc" name="test_inproc_value_context_manager_releases_rooted_value[local]" time="0.006" /><testcase classname="tests.nanopynix.inproc.test_inproc" name="test_a_collected_value_releases_its_nix_root[local]" time="0.179" /><testcase classname="tests.nanopynix.inproc.test_inproc" name="test_the_collector_owner_thread_outlives_the_session[local]" time="0.009" /><testcase classname="tests.nanopynix.inproc.test_inproc" name="test_a_collected_value_gives_its_root_back_to_the_collector[local]" time="0.167" /><testcase classname="tests.nanopynix.inproc.test_inproc" name="test_a_dropped_parent_gives_its_root_back_while_a_child_lives[local]" time="0.311" /><testcase classname="tests.nanopynix.inproc.test_inproc" name="test_a_value_the_caller_still_holds_survives_a_collection[local]" time="0.177" /><testcase classname="tests.nanopynix.inproc.test_inproc" name="test_inproc_eval_close_releases_values_left_open[local]" time="0.007" /><testcase classname="tests.nanopynix.inproc.test_inproc" name="test_inproc_eval_state_can_be_closed_and_reopened[local]" time="0.010" /><testcase classname="tests.nanopynix.inproc.test_inproc" name="test_inproc_store_cannot_close_while_its_eval_state_is_open[local]" time="0.006" /><testcase classname="tests.nanopynix.inproc.test_inproc" name="test_inproc_locked_flake_facade[local]" time="0.025" /><testcase classname="tests.nanopynix.inproc.test_inproc" name="test_inproc_store_query_missing[local]" time="0.005" /><testcase classname="tests.nanopynix.inproc.test_inproc" name="test_inproc_store_read_derivation[local]" time="0.010" /><testcase classname="tests.nanopynix.inproc.test_inproc" name="test_inproc_store_collect_garbage_return_dead[local]" time="0.031" /><testcase classname="tests.nanopynix.inproc.test_inproc" name="test_inproc_add_perm_root_makes_a_symlink_into_the_store[local]" time="0.203" /><testcase classname="tests.nanopynix.inproc.test_inproc" name="test_inproc_perm_root_appears_in_find_roots[local]" time="0.000"><skipped type="pytest.skip" message="findRoots/collectGarbage crash on nonnumeric temproots filenames; https://github.com/NixOS/nix/issues/16138; unsupported on Nix 2.34">/nix/store/kbwfm4w66q0dzkx27ph9ab008rh872vn-nanopynix-source/tests/nanopynix/inproc/test_inproc.py:506: findRoots/collectGarbage crash on nonnumeric temproots filenames; https://github.com/NixOS/nix/issues/16138; unsupported on Nix 2.34</skipped></testcase><testcase classname="tests.nanopynix.inproc.test_inproc" name="test_inproc_temp_root_survives_a_delete_dead_pass[local]" time="0.000"><skipped type="pytest.skip" message="findRoots/collectGarbage crash on nonnumeric temproots filenames; https://github.com/NixOS/nix/issues/16138; unsupported on Nix 2.34">/nix/store/kbwfm4w66q0dzkx27ph9ab008rh872vn-nanopynix-source/tests/nanopynix/inproc/test_inproc.py:523: findRoots/collectGarbage crash on nonnumeric temproots filenames; https://github.com/NixOS/nix/issues/16138; unsupported on Nix 2.34</skipped></testcase><testcase classname="tests.nanopynix.inproc.test_inproc" name="test_inproc_add_to_store_returns_the_path_compute_predicted[local]" time="0.021" /><testcase classname="tests.nanopynix.inproc.test_inproc" name="test_inproc_and_rpc_compute_the_same_store_path[local]" time="0.199" /><testcase classname="tests.nanopynix.inproc.test_inproc" name="test_inproc_store_dirs_agrees_with_rpc_and_with_store_dir[local]" time="0.190" /><testcase classname="tests.nanopynix.inproc.test_inproc" name="test_inproc_ensure_path_accepts_a_valid_path_and_raises_for_an_absent_one[local]" time="0.167" /><testcase classname="tests.nanopynix.inproc.test_inproc" name="test_inproc_copy_closure_copies_between_two_stores_in_one_session[local]" time="0.020" /><testcase classname="tests.nanopynix.inproc.test_inproc" name="test_inproc_copy_closure_rejects_a_store_from_another_session[local]" time="0.020" /><testcase classname="tests.nanopynix.inproc.test_inproc" name="test_inproc_optimise_and_verify_a_private_store[local]" time="0.021" /><testcase classname="tests.nanopynix.inproc.test_inproc" name="test_inproc_store_uri_and_store_dir[local]" time="0.005" /><testcase classname="tests.nanopynix.inproc.test_inproc" name="test_inproc_store_parse_and_is_valid_path[local]" time="0.183" /><testcase classname="tests.nanopynix.inproc.test_inproc" name="test_inproc_store_compute_fs_closure[local]" time="0.196" /><testcase classname="tests.nanopynix.inproc.test_inproc" name="test_inproc_store_query_derivation_outputs_and_valid_derivers[local]" time="0.010" /><testcase classname="tests.nanopynix.inproc.test_inproc" name="test_inproc_store_query_referrers_and_substitutable_paths[local]" time="0.221" /><testcase classname="tests.nanopynix.inproc.test_inproc" name="test_inproc_store_follow_links_to_store_path[local]" time="0.196" /><testcase classname="tests.nanopynix.inproc.test_inproc" name="test_inproc_store_query_path_from_hash_part[local]" time="0.184" /><testcase classname="tests.nanopynix.inproc.test_inproc" name="test_inproc_eval_file[local]" time="0.009" /><testcase classname="tests.nanopynix.inproc.test_inproc" name="test_inproc_eval_flake[local]" time="0.018" /><testcase classname="tests.nanopynix.inproc.test_inproc" name="test_inproc_lock_flake_update_inputs_variants[local]" time="0.016" /><testcase classname="tests.nanopynix.inproc.test_inproc" name="test_inproc_repl_load_file_and_add_attrs[local]" time="0.008" /><testcase classname="tests.nanopynix.inproc.test_inproc" name="test_inproc_value_scalar_conversions[local]" time="0.008" /><testcase classname="tests.nanopynix.inproc.test_inproc" name="test_inproc_value_to_python[local]" time="0.006" /><testcase classname="tests.nanopynix.inproc.test_inproc" name="test_inproc_value_edit_location[local]" time="0.007" /><testcase classname="tests.nanopynix.inproc.test_inproc" name="test_inproc_value_auto_call[local]" time="0.007" /><testcase classname="tests.nanopynix.inproc.test_inproc" name="test_inproc_value_build_and_release[local]" time="0.107" /><testcase classname="tests.nanopynix.inproc.test_inproc" name="test_inproc_value_release_is_idempotent[local]" time="0.007" /><testcase classname="tests.nanopynix.inproc.test_inproc" name="test_inproc_selection_on_a_released_value_raises_at_selection[local]" time="0.006" /><testcase classname="tests.nanopynix.inproc.test_inproc" name="test_inproc_session_rejects_second_concurrent_session[local]" time="0.004" /><testcase classname="tests.nanopynix.inproc.test_inproc" name="test_inproc_session_rejects_mismatched_reinitialization[local]" time="0.003" /><testcase classname="tests.nanopynix.inproc.test_inproc" name="test_inproc_session_open_and_close_are_idempotent[local]" time="0.003" /><testcase classname="tests.nanopynix.inproc.test_inproc" name="test_inproc_session_owns_and_shuts_down_its_nix_thread[local]" time="0.005" /><testcase classname="tests.nanopynix.inproc.test_inproc" name="test_inproc_session_verbosity_roundtrip[local]" time="0.005" /><testcase classname="tests.nanopynix.inproc.test_inproc" name="test_inproc_session_subscribe_receives_log_events[local]" time="0.054" /><testcase classname="tests.nanopynix.inproc.test_inproc" name="test_inproc_session_log_stream_yields_events[local]" time="0.006" /><testcase classname="tests.nanopynix.inproc.test_inproc" name="test_inproc_session_subscribe_receives_a_request_finalized_event[local]" time="0.054" /><testcase classname="tests.nanopynix.inproc.test_inproc" name="test_inproc_store_not_open_raises[local]" time="0.004" /><testcase classname="tests.nanopynix.inproc.test_inproc" name="test_inproc_eval_open_and_close_are_idempotent[local]" time="0.008" /><testcase classname="tests.nanopynix.inproc.test_inproc" name="test_collect_garbage_rejects_an_unsupported_action[local]" time="0.005" /><testcase classname="tests.nanopynix.inproc.test_inproc" name="test_inproc_store_query_path_info[local]" time="0.202" /><testcase classname="tests.nanopynix.inproc.test_inproc" name="test_inproc_store_get_build_log[local]" time="0.186" /><testcase classname="tests.nanopynix.inproc.test_inproc" name="test_inproc_store_open_is_idempotent[local]" time="0.003" /><testcase classname="tests.nanopynix.inproc.test_inproc" name="test_inproc_eval_rejects_store_from_different_session[local]" time="0.004" /><testcase classname="tests.nanopynix.inproc.test_inproc" name="test_inproc_eval_open_requires_open_store[local]" time="0.002" /><testcase classname="tests.nanopynix.inproc.test_inproc" name="test_inproc_repl_open_is_idempotent[local]" time="0.009" /><testcase classname="tests.nanopynix.inproc.test_inproc" name="test_inproc_repl_requires_open_repl[local]" time="0.003" /><testcase classname="tests.nanopynix.inproc.test_inproc" name="test_inproc_session_close_auto_closes_open_eval[local]" time="0.006" /><testcase classname="tests.nanopynix.inproc.test_inproc" name="test_a_cancelled_close_stops_instead_of_cancelling_every_resource[local]" time="0.005" /><testcase classname="tests.nanopynix.inproc.test_inproc" name="test_a_cancelled_close_does_not_wrap_the_cancellation_in_a_group[local]" time="0.005" /><testcase classname="tests.nanopynix.inproc.test_inproc" name="test_inproc_eval_close_releases_leftover_locked_flakes[local]" time="0.014" /><testcase classname="tests.nanopynix.inproc.test_inproc" name="test_inproc_locked_flake_release_is_idempotent[local]" time="0.012" /><testcase classname="tests.nanopynix.inproc.test_inproc" name="test_inproc_value_attr_names[local]" time="0.006" /><testcase classname="tests.nanopynix.inproc.test_inproc" name="test_inproc_value_call_accepts_value_argument[local]" time="0.006" /><testcase classname="tests.nanopynix.inproc.test_inproc" name="test_inproc_value_rejects_use_from_different_eval_session[local]" time="0.006" /><testcase classname="tests.nanopynix.inproc.test_inproc" name="test_inproc_value_build_rejects_store_from_different_session[local]" time="0.006" /><testcase classname="tests.nanopynix.inproc.test_inproc" name="test_inproc_value_build_raises_on_build_failure[local]" time="0.064" /><testcase classname="tests.nanopynix.inproc.test_inproc_cancel" name="test_a_cancelled_interruptible_operation_frees_the_evaluator[local]" time="0.669" /><testcase classname="tests.nanopynix.inproc.test_inproc_cancel" name="test_a_cancelled_evaluation_abandons_the_evaluator[local]" time="1.885" /><testcase classname="tests.nanopynix.inproc.test_inproc_cancel" name="test_closing_an_abandoned_evaluator_does_not_hang_or_raise[local]" time="1.796" /><testcase classname="tests.nanopynix.inproc.test_inproc_cancel" name="test_an_abandoned_evaluator_does_not_stop_its_siblings[local]" time="1.670" /><testcase classname="tests.nanopynix.inproc.test_inproc_cancel" name="test_a_cancelled_operation_raises_operation_cancelled[local]" time="0.462" /><testcase classname="tests.nanopynix.inproc.test_inproc_cancel" name="test_an_operation_that_runs_a_nix_thread_pool_still_completes[local]" time="1.607" /><testcase classname="tests.nanopynix.primops.test_primop_error_parity" name="test_all_three_primop_paths_render_the_same[local-parityPrimopError-deliberate rejection, shown bare]" time="0.590" /><testcase classname="tests.nanopynix.primops.test_primop_error_parity" name="test_a_manager_primop_failure_leaves_nothing_behind[local]" time="0.242" /><testcase classname="tests.nanopynix.primops.test_primops.TestRegisterPrimop" name="test_unary[local]" time="0.001" /><testcase classname="tests.nanopynix.primops.test_primops.TestRegisterPrimop" name="test_binary[local]" time="0.001" /><testcase classname="tests.nanopynix.primops.test_primops.TestRegisterPrimop" name="test_string_arg_and_return[local]" time="0.001" /><testcase classname="tests.nanopynix.primops.test_primops.TestRegisterPrimop" name="test_bool_arg[local]" time="0.001" /><testcase classname="tests.nanopynix.primops.test_primops.TestRegisterPrimop" name="test_list_arg[local]" time="0.001" /><testcase classname="tests.nanopynix.primops.test_primops.TestRegisterPrimop" name="test_attrs_arg[local]" time="0.001" /><testcase classname="tests.nanopynix.primops.test_primops.TestRegisterPrimop" name="test_return_none[local]" time="0.001" /><testcase classname="tests.nanopynix.primops.test_primops.TestRegisterPrimop" name="test_return_float[local]" time="0.001" /><testcase classname="tests.nanopynix.primops.test_primops.TestRegisterPrimop" name="test_return_list[local]" time="0.001" /><testcase classname="tests.nanopynix.primops.test_primops.TestRegisterPrimop" name="test_return_dict[local]" time="0.001" /><testcase classname="tests.nanopynix.primops.test_primops.TestRegisterPrimop" name="test_string_return[local]" time="0.001" /><testcase classname="tests.nanopynix.primops.test_primops.TestRegisterPrimop" name="test_nested_call[local]" time="0.001" /><testcase classname="tests.nanopynix.primops.test_primops.TestRegisterPrimop" name="test_primop_in_function[local]" time="0.001" /><testcase classname="tests.nanopynix.primops.test_primops.TestRegisterPrimop" name="test_overwrite[local]" time="0.001" /><testcase classname="tests.nanopynix.primops.test_primops.TestRegisterPrimop" name="test_zero_arity[local]" time="0.001" /><testcase classname="tests.nanopynix.primops.test_primops.TestRegisterPrimop" name="test_high_arity[local]" time="0.001" /><testcase classname="tests.nanopynix.primops.test_primops.TestRegisterPrimop" name="test_string_arg_with_context_is_realised[local]" time="0.148" /><testcase classname="tests.nanopynix.primops.test_primops.TestRegisterPrimop" name="test_string_return_value_carries_context_from_arg[local]" time="0.299" /><testcase classname="tests.nanopynix.primops.test_primops.TestCallableToNixFunction" name="test_return_callable_zero_arity[local]" time="0.001" /><testcase classname="tests.nanopynix.primops.test_primops.TestCallableToNixFunction" name="test_attrset_zero_arity_property[local]" time="0.001" /><testcase classname="tests.nanopynix.primops.test_primops.TestCallableToNixFunction" name="test_attrset_one_arg_callable[local]" time="0.001" /><testcase classname="tests.nanopynix.primops.test_primops.TestCallableToNixFunction" name="test_attrset_two_arg_callable[local]" time="0.001" /><testcase classname="tests.nanopynix.primops.test_primops.TestCallableToNixFunction" name="test_closure_in_attrset[local]" time="0.001" /><testcase classname="tests.nanopynix.primops.test_primops.TestCallableToNixFunction" name="test_callable_curry[local]" time="0.001" /><testcase classname="tests.nanopynix.primops.test_primops.TestCallableToNixFunction" name="test_value_from_python_lambda[local]" time="0.001" /><testcase classname="tests.nanopynix.primops.test_primops.TestCallableToNixFunction" name="test_value_from_python_dict_with_lambda[local]" time="0.001" /><testcase classname="tests.nanopynix.rpc.client.test_eval_rpc" name="test_force_closing_store_closes_dependent_eval_state[local]" time="0.226" /><testcase classname="tests.nanopynix.rpc.client.test_eval_rpc" name="test_eval_file_simple[local]" time="0.199" /><testcase classname="tests.nanopynix.rpc.client.test_eval_rpc" name="test_eval_file_directory_loads_default_nix[local]" time="0.254" /><testcase classname="tests.nanopynix.rpc.client.test_eval_rpc" name="test_eval_file_uses_nix_lookup_path[local]" time="0.194" /><testcase classname="tests.nanopynix.rpc.client.test_eval_rpc" name="test_eval_attr_navigation[local]" time="0.206" /><testcase classname="tests.nanopynix.rpc.client.test_eval_rpc" name="test_eval_list[local]" time="0.219" /><testcase classname="tests.nanopynix.rpc.client.test_eval_rpc" name="test_eval_string[local]" time="0.198" /><testcase classname="tests.nanopynix.rpc.client.test_eval_rpc" name="test_forced_attrs_borrow_the_parent_value_handle[local]" time="0.204" /><testcase classname="tests.nanopynix.rpc.client.test_eval_rpc" name="test_eval_realise_command_values_preserves_string_context[local]" time="0.203" /><testcase classname="tests.nanopynix.rpc.client.test_eval_rpc" name="test_repl_session_persists_bindings[local]" time="0.212" /><testcase classname="tests.nanopynix.rpc.client.test_eval_rpc" name="test_repl_session_open_is_idempotent[local]" time="0.217" /><testcase classname="tests.nanopynix.rpc.client.test_eval_rpc" name="test_repl_session_scope_names_include_bindings_and_base_scope[local]" time="0.191" /><testcase classname="tests.nanopynix.rpc.client.test_eval_rpc" name="test_repl_session_file_uses_nix_lookup_path[local]" time="0.230" /><testcase classname="tests.nanopynix.rpc.client.test_eval_rpc" name="test_repl_session_load_file_autocalls_top_level_function[local]" time="0.247" /><testcase classname="tests.nanopynix.rpc.client.test_eval_rpc" name="test_repl_session_edit_location_uses_function_source[local]" time="0.195" /><testcase classname="tests.nanopynix.rpc.client.test_eval_rpc" name="test_repl_session_adds_attrs_to_scope[local]" time="0.218" /><testcase classname="tests.nanopynix.rpc.client.test_eval_rpc" name="test_eval_attr_names[local]" time="0.212" /><testcase classname="tests.nanopynix.rpc.client.test_eval_rpc" name="test_eval_has_attr[local]" time="0.195" /><testcase classname="tests.nanopynix.rpc.client.test_eval_rpc" name="test_eval_force_does_not_consume[local]" time="0.197" /><testcase classname="tests.nanopynix.rpc.client.test_eval_rpc" name="test_eval_session_cleanup[local]" time="0.226" /><testcase classname="tests.nanopynix.rpc.client.test_eval_rpc" name="test_eval_thunk[local]" time="0.205" /><testcase classname="tests.nanopynix.rpc.client.test_eval_rpc" name="test_eval_nested_navigation[local]" time="0.190" /><testcase classname="tests.nanopynix.rpc.client.test_eval_rpc" name="test_eval_call_function[local]" time="0.223" /><testcase classname="tests.nanopynix.rpc.client.test_eval_rpc" name="test_eval_call_function_with_value_proxy_arg[local]" time="0.202" /><testcase classname="tests.nanopynix.rpc.client.test_eval_rpc" name="test_eval_reused_function_can_call_separately_evaluated_value[local]" time="0.203" /><testcase classname="tests.nanopynix.rpc.client.test_eval_rpc" name="test_eval_call_function_with_nested_value_proxy_arg[local]" time="0.198" /><testcase classname="tests.nanopynix.rpc.client.test_eval_rpc" name="test_eval_callable_function_proxy[local]" time="0.191" /><testcase classname="tests.nanopynix.rpc.client.test_eval_rpc" name="test_eval_auto_call_function_with_default_attrset_args[local]" time="0.220" /><testcase classname="tests.nanopynix.rpc.client.test_eval_rpc" name="test_eval_call_non_function_raises[local]" time="0.208" /><testcase classname="tests.nanopynix.rpc.client.test_eval_rpc" name="test_eval_strict_accessor_and_apply[local]" time="0.261" /><testcase classname="tests.nanopynix.rpc.client.test_eval_rpc" name="test_to_python_refuses_a_tree_containing_a_function[local]" time="0.272" /><testcase classname="tests.nanopynix.rpc.client.test_eval_rpc" name="test_evaluated_derivation_can_build_while_eval_session_is_active[local]" time="1.635" /><testcase classname="tests.nanopynix.rpc.client.test_eval_rpc" name="test_evaluated_derivation_can_build_with_explicit_build_store[local]" time="0.670" /><testcase classname="tests.nanopynix.rpc.client.test_eval_rpc" name="test_copy_closure_between_stores[local]" time="0.247" /><testcase classname="tests.nanopynix.rpc.client.test_eval_rpc" name="test_worker_yaml_primops[local]" time="0.236" /><testcase classname="tests.nanopynix.rpc.client.test_eval_rpc" name="test_worker_yaml_primops_parse_yaml12_modes[local]" time="0.213" /><testcase classname="tests.nanopynix.rpc.client.test_eval_rpc" name="test_worker_yaml_primops_parse_yaml11_modes[local]" time="0.199" /><testcase classname="tests.nanopynix.rpc.client.test_eval_rpc" name="test_worker_from_yaml_root_list_is_single_document[local]" time="0.213" /><testcase classname="tests.nanopynix.rpc.client.test_eval_rpc" name="test_worker_from_yaml_rejects_document_stream[local]" time="0.215" /><testcase classname="tests.nanopynix.rpc.client.test_eval_rpc" name="test_worker_from_yaml_parse_error_is_descriptive[local]" time="0.215" /><testcase classname="tests.nanopynix.rpc.client.test_eval_rpc" name="test_worker_yaml_stream_primops[local]" time="0.260" /><testcase classname="tests.nanopynix.rpc.client.test_eval_rpc" name="test_worker_to_yaml_rejects_functions[local]" time="0.248" /><testcase classname="tests.nanopynix.rpc.client.test_eval_rpc" name="test_eval_concurrent_sessions[local]" time="0.249" /><testcase classname="tests.nanopynix.rpc.client.test_eval_rpc" name="test_eval_flake[local]" time="0.239" /><testcase classname="tests.nanopynix.rpc.client.test_eval_rpc" name="test_eval_flake_to_python[local]" time="0.272" /><testcase classname="tests.nanopynix.rpc.client.test_eval_rpc" name="test_lock_flake_and_eval_locked[local]" time="0.272" /><testcase classname="tests.nanopynix.rpc.client.test_eval_rpc" name="test_locked_flake_release_invalidates_handle[local]" time="0.249" /><testcase classname="tests.nanopynix.rpc.client.test_eval_rpc" name="test_lock_flake_write_lock_file[local]" time="0.271" /><testcase classname="tests.nanopynix.rpc.client.test_eval_rpc" name="test_lock_flake_no_write_does_not_leak[local]" time="0.256" /><testcase classname="tests.nanopynix.rpc.client.test_eval_rpc" name="test_lock_flake_update_all[local]" time="0.236" /><testcase classname="tests.nanopynix.rpc.client.test_eval_rpc" name="test_lock_flake_update_specific_input[local]" time="0.223" /><testcase classname="tests.nanopynix.rpc.client.test_fetch_tree" name="test_fetchtree_with_builtins_prefix[local]" time="0.211" /><testcase classname="tests.nanopynix.rpc.client.test_fetch_tree" name="test_fetchtree_without_builtins_prefix[local]" time="0.207" /><testcase classname="tests.nanopynix.rpc.client.test_primop_rpc" name="test_manager_rpc_primop_double[local]" time="0.204" /><testcase classname="tests.nanopynix.rpc.client.test_primop_rpc" name="test_manager_rpc_primop_greet[local]" time="0.237" /><testcase classname="tests.nanopynix.rpc.client.test_primop_rpc" name="test_manager_rpc_primop_add[local]" time="0.246" /><testcase classname="tests.nanopynix.rpc.client.test_primop_rpc" name="test_manager_rpc_primop_lambda[local]" time="0.228" /><testcase classname="tests.nanopynix.rpc.client.test_primop_rpc" name="test_manager_rpc_primop_deep_value[local]" time="0.245" /><testcase classname="tests.nanopynix.rpc.client.test_pure_eval" name="test_pure_eval_blocks_impure_builtins[local]" time="0.245" /><testcase classname="tests.nanopynix.rpc.client.test_pure_eval" name="test_impure_allows_impure_builtins[local]" time="0.223" /><testcase classname="tests.nanopynix.rpc.client.test_pure_eval" name="test_current_system_binding_matches_builtin_default[local]" time="0.213" /><testcase classname="tests.nanopynix.rpc.client.test_pure_eval" name="test_default_is_impure[local]" time="0.215" /><testcase classname="tests.nanopynix.rpc.client.test_pure_eval" name="test_restrict_eval_blocks_absolute_paths[local]" time="0.209" /><testcase classname="tests.nanopynix.rpc.client.test_pure_eval" name="test_restrict_eval_allows_pure_attrs[local]" time="0.201" /><testcase classname="tests.nanopynix.rpc.client.test_pure_eval" name="test_allowed_uris_is_exposed[local]" time="0.212" /><testcase classname="tests.nanopynix.rpc.client.test_pure_eval" name="test_concurrent_eval_sessions_have_independent_pure_eval[local]" time="0.234" /><testcase classname="tests.nanopynix.rpc.client.test_stdio_worker" name="test_a_stdio_worker_answers_store_operations[local]" time="1.833" /><testcase classname="tests.nanopynix.rpc.client.test_stdio_worker" name="test_a_stdio_worker_evaluates[local]" time="1.929" /><testcase classname="tests.nanopynix.rpc.client.test_stdio_worker" name="test_an_rpc_primop_reaches_the_client_over_stdio[local]" time="1.961" /><testcase classname="tests.nanopynix.rpc.client.test_stdio_worker" name="test_log_events_reach_the_client_over_stdio[local]" time="1.923" /><testcase classname="tests.nanopynix.rpc.client.test_stdio_worker" name="test_the_worker_ends_itself_and_reports_status_zero[local]" time="1.788" /><testcase classname="tests.nanopynix.rpc.client.test_stdio_worker" name="test_worker_oom_score_adj_reaches_the_exec_d_process[local]" time="1.698" /><testcase classname="tests.nanopynix.rpc.client.test_stdio_worker" name="test_a_signalled_stdio_worker_is_reported_and_not_swallowed[local]" time="1.595" /><testcase classname="tests.nanopynix.rpc.client.test_store_integration" name="test_open_close[local]" time="0.194" /><testcase classname="tests.nanopynix.rpc.client.test_store_integration" name="test_context_manager[local]" time="0.188" /><testcase classname="tests.nanopynix.rpc.client.test_store_integration" name="test_get_uri_and_store_dir[local]" time="0.193" /><testcase classname="tests.nanopynix.rpc.client.test_store_integration" name="test_parse_store_path_and_is_valid_path[local]" time="0.404" /><testcase classname="tests.nanopynix.rpc.client.test_store_integration" name="test_query_path_info_and_hash_part[local]" time="0.404" /><testcase classname="tests.nanopynix.rpc.client.test_store_integration" name="test_compute_fs_closure[local]" time="0.398" /><testcase classname="tests.nanopynix.rpc.client.test_store_integration" name="test_query_missing[local]" time="0.222" /><testcase classname="tests.nanopynix.rpc.client.test_store_integration" name="test_query_missing_accepts_serialized_derived_path[local]" time="0.251" /><testcase classname="tests.nanopynix.rpc.client.test_store_integration" name="test_derivation_queries[local]" time="0.231" /><testcase classname="tests.nanopynix.rpc.client.test_store_integration" name="test_query_referrers_and_substitutable_paths[local]" time="0.388" /><testcase classname="tests.nanopynix.rpc.client.test_store_integration" name="test_follow_links_to_store_path[local]" time="0.386" /><testcase classname="tests.nanopynix.rpc.client.test_store_integration" name="test_store_path_model_roundtrip[local]" time="0.382" /><testcase classname="tests.nanopynix.rpc.client.test_store_integration" name="test_add_temp_root[local]" time="0.389" /><testcase classname="tests.nanopynix.rpc.client.test_store_integration" name="test_find_roots[local]" time="0.000"><skipped type="pytest.skip" message="findRoots/collectGarbage crash on nonnumeric temproots filenames; https://github.com/NixOS/nix/issues/16138; unsupported on Nix 2.34">/nix/store/kbwfm4w66q0dzkx27ph9ab008rh872vn-nanopynix-source/tests/nanopynix/rpc/client/test_store_integration.py:198: findRoots/collectGarbage crash on nonnumeric temproots filenames; https://github.com/NixOS/nix/issues/16138; unsupported on Nix 2.34</skipped></testcase><testcase classname="tests.nanopynix.rpc.client.test_store_integration" name="test_collect_garbage_return_dead[local]" time="0.000"><skipped type="pytest.skip" message="findRoots/collectGarbage crash on nonnumeric temproots filenames; https://github.com/NixOS/nix/issues/16138; unsupported on Nix 2.34">/nix/store/kbwfm4w66q0dzkx27ph9ab008rh872vn-nanopynix-source/tests/nanopynix/rpc/client/test_store_integration.py:209: findRoots/collectGarbage crash on nonnumeric temproots filenames; https://github.com/NixOS/nix/issues/16138; unsupported on Nix 2.34</skipped></testcase><testcase classname="tests.nanopynix.rpc.client.test_store_integration" name="test_collect_garbage_delete_dead_is_hermetic[local]" time="0.000"><skipped type="pytest.skip" message="findRoots/collectGarbage crash on nonnumeric temproots filenames; https://github.com/NixOS/nix/issues/16138; unsupported on Nix 2.34">/nix/store/kbwfm4w66q0dzkx27ph9ab008rh872vn-nanopynix-source/tests/nanopynix/rpc/client/test_store_integration.py:220: findRoots/collectGarbage crash on nonnumeric temproots filenames; https://github.com/NixOS/nix/issues/16138; unsupported on Nix 2.34</skipped></testcase><testcase classname="tests.nanopynix.rpc.client.test_store_integration" name="test_public_query_missing[local]" time="0.226" /><testcase classname="tests.nanopynix.rpc.client.test_store_integration" name="test_public_query_missing_accepts_store_path[local]" time="0.375" /><testcase classname="tests.nanopynix.rpc.client.test_store_integration" name="test_add_perm_root_and_indirect_root[local]" time="0.384" /><testcase classname="tests.nanopynix.rpc.client.test_store_integration" name="test_ensure_path[local]" time="0.418" /><testcase classname="tests.nanopynix.rpc.client.test_store_integration" name="test_optimise_and_verify_store[local]" time="0.421" /><testcase classname="tests.nanopynix.rpc.test_error_identity" name="test_a_setting_refusal_arrives_as_setting_not_live_error[local]" time="0.225" /><testcase classname="tests.nanopynix.rpc.test_error_identity" name="test_an_absent_handle_arrives_as_key_error[local]" time="0.232" /><testcase classname="tests.nanopynix.rpc.test_error_identity" name="test_a_handle_of_the_wrong_kind_arrives_as_type_error[local]" time="0.207" /><testcase classname="tests.nanopynix.rpc.test_error_identity" name="test_a_negative_index_past_the_start_arrives_as_index_error[local]" time="0.217" /><testcase classname="tests.nanopynix.rpc.test_error_identity" name="test_an_unsupported_scalar_type_arrives_as_value_error[local]" time="0.264" /><testcase classname="tests.nanopynix.rpc.test_error_identity" name="test_a_nix_error_still_refines_past_the_class_the_worker_named[local]" time="0.219" /><testcase classname="tests.nanopynix.rpc.test_l3_inproc" name="test_attrs_and_children_have_exactly_one_owner[local]" time="0.058" /><testcase classname="tests.nanopynix.rpc.test_l3_inproc" name="test_lists_and_children_have_exactly_one_owner[local]" time="0.044" /><testcase classname="tests.nanopynix.rpc.test_l3_inproc" name="test_value_finalizer_defers_then_drains_to_worker[local]" time="0.222" /><testcase classname="tests.nanopynix.rpc.test_l3_inproc" name="test_as_dict_pins_the_parent_only_until_its_children_resolve[local]" time="0.364" /><testcase classname="tests.nanopynix.rpc.test_l3_inproc" name="test_as_list_pins_the_parent_only_until_its_children_resolve[local]" time="0.384" /><testcase classname="tests.nanopynix.rpc.test_l3_inproc" name="test_explicit_value_release_is_idempotent_at_both_sides[local]" time="0.038" /><testcase classname="tests.nanopynix.rpc.test_l3_inproc" name="test_failed_value_release_retries_at_the_next_rpc_boundary[local]" time="0.041" /><testcase classname="tests.nanopynix.rpc.test_l3_inproc" name="test_session_close_closes_eval_state_and_clears_worker_values[local]" time="0.041" /><testcase classname="tests.nanopynix.rpc.test_l3_inproc" name="test_eval_rpc_requires_open_eval[local]" time="0.036" /><testcase classname="tests.nanopynix.rpc.test_l3_inproc" name="test_store_cannot_close_while_its_eval_state_is_open[local]" time="0.037" /><testcase classname="tests.nanopynix.rpc.test_l3_inproc" name="test_locked_flake_explicit_release_removes_exact_worker_handle[local]" time="0.055" /><testcase classname="tests.nanopynix.rpc.test_l3_inproc" name="test_failed_locked_flake_release_retries_at_the_next_rpc_boundary[local]" time="0.048" /><testcase classname="tests.nanopynix.rpc.test_l3_inproc" name="test_locked_flake_finalizer_defers_then_drains_to_worker[local]" time="0.215" /><testcase classname="tests.nanopynix.rpc.test_l3_inproc" name="test_session_close_closes_eval_state_and_clears_values_and_locked_flakes[local]" time="0.046" /><testcase classname="tests.nanopynix.rpc.test_l3_inproc" name="test_late_finalizer_from_closed_generation_cannot_release_new_values[local]" time="0.235" /><testcase classname="tests.nanopynix.rpc.test_l3_inproc" name="test_store_handles_are_distinct_and_close_exactly_once[local]" time="0.043" /><testcase classname="tests.nanopynix.rpc.test_log_backpressure" name="test_a_client_that_stops_reading_does_not_stop_the_evaluation[local]" time="12.556" /><testcase classname="tests.nanopynix.rpc.test_log_backpressure" name="test_the_capture_says_what_the_stall_cost[local]" time="12.426" /><testcase classname="tests.nanopynix.test_cancel_engine_parity" name="test_a_cancelled_interruptible_operation_frees_the_evaluator[inproc-local]" time="0.588" /><testcase classname="tests.nanopynix.test_cancel_engine_parity" name="test_a_cancelled_evaluation_abandons_the_evaluator[inproc-local]" time="6.473" /><testcase classname="tests.nanopynix.test_config_flow" name="test_rpc_configure_refuses_a_construction_time_setting[local-pure_eval-True]" time="0.194" /><testcase classname="tests.nanopynix.test_config_flow" name="test_inproc_configure_refuses_the_same_settings[local-pure_eval-True]" time="0.007" /><testcase classname="tests.nanopynix.test_config_flow" name="test_configure_still_applies_a_live_setting[local]" time="0.232" /><testcase classname="tests.nanopynix.test_config_flow" name="test_configure_accepts_every_fetch_setting[local]" time="0.223" /><testcase classname="tests.nanopynix.test_config_flow" name="test_a_construction_time_setting_works_when_the_evaluator_opens[local]" time="0.222" /><testcase classname="tests.nanopynix.test_config_flow" name="test_both_engines_honour_a_per_evaluator_search_path[local]" time="0.253" /><testcase classname="tests.nanopynix.test_config_flow" name="test_the_worker_refuses_a_hand_built_configure_request[local]" time="0.235" /><testcase classname="tests.nanopynix.test_config_flow" name="test_the_worker_applies_a_live_setting_from_a_hand_built_request[local]" time="0.236" /><testcase classname="tests.nanopynix.test_config_flow" name="test_the_core_layer_is_what_refuses[local]" time="0.008" /><testcase classname="tests.nanopynix.test_config_flow" name="test_a_store_setting_in_the_uri_beats_the_global[local]" time="1.513" /><testcase classname="tests.nanopynix.test_config_flow" name="test_a_store_model_opens_the_same_store_as_its_uri[local]" time="0.213" /><testcase classname="tests.nanopynix.test_config_flow" name="test_the_session_reports_what_it_took_from_the_host_config[local]" time="0.207" /><testcase classname="tests.nanopynix.test_config_flow" name="test_the_substituters_of_the_host_reach_the_session[local]" time="0.170" /><testcase classname="tests.nanopynix.test_config_flow" name="test_a_named_substituter_beats_the_host[local]" time="0.178" /><testcase classname="tests.nanopynix.test_config_flow" name="test_the_features_of_the_host_survive_beside_ours[local]" time="0.173" /><testcase classname="tests.nanopynix.test_config_flow" name="test_an_ambient_variable_overrides_nothing_of_the_host[local]" time="0.180" /><testcase classname="tests.nanopynix.test_config_flow" name="test_both_engines_enable_the_features_without_the_setting[local-inproc]" time="0.004" /><testcase classname="tests.nanopynix.test_config_flow" name="test_both_engines_read_and_write_the_session_settings[local-inproc]" time="0.005" /><testcase classname="tests.nanopynix.test_config_flow" name="test_writing_settings_is_refused_while_a_store_or_evaluator_is_open[local-inproc]" time="0.010" /><testcase classname="tests.nanopynix.test_config_flow" name="test_writing_settings_leaves_the_unnamed_ones_alone[local-inproc]" time="0.005" /><testcase classname="tests.nanopynix.test_config_flow" name="test_every_settings_scope_reaches_the_door_that_owns_it[local-inproc]" time="0.032" /><testcase classname="tests.nanopynix.test_config_flow" name="test_a_per_call_setting_beats_the_session_default[local-inproc]" time="0.030" /><testcase classname="tests.nanopynix.test_config_flow" name="test_one_evaluator_object_reaches_both_registries[local-eval_settings-inproc]" time="0.034" /><testcase classname="tests.nanopynix.test_config_flow" name="test_configure_takes_one_object_for_both_scopes[local-inproc]" time="0.029" /><testcase classname="tests.nanopynix.test_config_flow" name="test_the_parameter_that_owns_the_scope_wins[local-inproc]" time="0.025" /><testcase classname="tests.nanopynix.test_config_flow" name="test_a_field_no_door_owns_is_refused[local-inproc]" time="0.025" /><testcase classname="tests.nanopynix.test_config_flow" name="test_a_wider_object_writes_only_its_global_half[local-inproc]" time="0.005" /><testcase classname="tests.nanopynix.test_config_flow" name="test_the_search_path_has_one_order_of_precedence[local-inproc]" time="0.009" /><testcase classname="tests.nanopynix.test_engine_parity_semantics" name="test_engines_agree_on_success[local-to_python_int]" time="0.258" /><testcase classname="tests.nanopynix.test_engine_parity_semantics" name="test_engines_agree_on_failure[local-undefined_variable]" time="0.244" /><testcase classname="tests.nanopynix.test_engine_parity_semantics" name="test_both_engines_evaluate_against_one_store_and_build_into_another[local]" time="0.233" /><testcase classname="tests.nanopynix.test_engine_parity_semantics" name="test_both_engines_resolve_a_flake_ref_without_evaluating_it[local]" time="0.219" /><testcase classname="tests.nanopynix.test_engine_parity_semantics" name="test_both_engines_take_line_editors_per_repl[local]" time="0.213" /><testcase classname="tests.nanopynix.test_engine_parity_semantics" name="test_both_engines_name_a_closed_session_the_same_way[local]" time="0.142" /><testcase classname="tests.nanopynix.test_engine_parity_semantics" name="test_both_engines_name_a_store_outliving_its_session_the_same_way[local]" time="0.183" /><testcase classname="tests.nanopynix.test_engine_parity_semantics" name="test_both_engines_name_a_closed_store_the_same_way[local]" time="0.187" /><testcase classname="tests.nanopynix.test_engine_parity_semantics" name="test_both_engines_name_a_closed_evaluator_the_same_way[local]" time="0.199" /><testcase classname="tests.nanopynix.test_engine_parity_semantics" name="test_both_engines_name_a_released_locked_flake_the_same_way[local]" time="0.254" /><testcase classname="tests.nanopynix.test_engine_parity_semantics" name="test_both_engines_capture_logs_the_same_way[local]" time="0.234" /><testcase classname="tests.nanopynix.test_engine_parity_semantics" name="test_both_engines_report_a_capture_that_is_not_complete[local]" time="0.238" /><testcase classname="tests.nanopynix.test_error_boundaries" name="test_error_detail_survives_every_boundary[local]" time="4.280" /><testcase classname="tests.nanopynix.test_error_boundaries" name="test_both_engines_refuse_gc_roots_the_same_way_on_a_store_that_has_none[local]" time="0.251" /><testcase classname="tests.nanopynix.test_eval_statistics" name="test_the_counters_switch_fills_the_numeric_fields[local-inproc]" time="0.000"><skipped type="pytest.skip" message="inproc evaluates in parallel in one process, and the counters are statics of that process, so the numbers are not predictable -- see #118">/nix/store/kbwfm4w66q0dzkx27ph9ab008rh872vn-nanopynix-source/tests/nanopynix/test_eval_statistics.py:86: inproc evaluates in parallel in one process, and the counters are statics of that process, so the numbers are not predictable -- see #118</skipped></testcase><testcase classname="tests.nanopynix.test_eval_statistics" name="test_the_count_calls_setting_fills_the_three_tables[local-inproc]" time="0.020" /><testcase classname="tests.nanopynix.test_eval_statistics" name="test_both_engines_count_the_same_calls[local]" time="0.248" /><testcase classname="tests.nanopynix.test_eval_statistics" name="test_the_report_holds_the_fields_that_nix_prints[local-inproc]" time="0.008" /><testcase classname="tests.nanopynix.test_eval_statistics" name="test_two_evaluators_share_the_process_switch[local]" time="0.000"><skipped type="pytest.skip" message="the assertion reads a numeric field, which inproc cannot make predictable while the counters are statics of a process that evaluates in parallel -- see #118">/nix/store/kbwfm4w66q0dzkx27ph9ab008rh872vn-nanopynix-source/tests/nanopynix/test_eval_statistics.py:181: the assertion reads a numeric field, which inproc cannot make predictable while the counters are statics of a process that evaluates in parallel -- see #118</skipped></testcase><testcase classname="tests.nanopynix.test_exception_translation" name="test_a_plain_nix_error_from_nix_itself_is_a_nix_error[local]" time="0.006" /><testcase classname="tests.nanopynix.test_exception_translation" name="test_our_own_binding_throws_pick_a_registered_subclass[local]" time="0.007" /><testcase classname="tests.nanopynix.test_exception_translation" name="test_specific_types_still_win_over_the_catch_all[local-&quot;hi&quot;]" time="0.006" /><testcase classname="tests.nanopynix.test_exception_translation" name="test_eval_base_error_is_bound_even_though_it_is_not_an_eval_error[local]" time="0.013" /><testcase classname="tests.nanopynix.test_exception_translation" name="test_standard_cxx_exceptions_are_left_to_nanobind[local]" time="0.007" /><testcase classname="tests.nanopynix.test_exception_translation" name="test_missing_attribute_is_both_a_key_error_and_a_nix_error[local]" time="0.006" /><testcase classname="tests.nanopynix.test_exception_translation" name="test_list_index_is_both_an_index_error_and_a_nix_error[local]" time="0.006" /><testcase classname="tests.nanopynix.test_exception_translation" name="test_rpc_dispatches_identically_to_inproc[local-&quot;hi&quot;]" time="0.217" /><testcase classname="tests.nanopynix.test_exception_translation" name="test_rpc_round_trips_the_catch_all_type_name[local]" time="0.230" /><testcase classname="tests.nanopynix.test_flake_lock_graph" name="test_find_input_returns_a_locked_ref_with_a_rev[local]" time="0.035" /><testcase classname="tests.nanopynix.test_flake_lock_graph" name="test_find_input_returns_none_for_a_name_that_is_not_an_input[local]" time="0.026" /><testcase classname="tests.nanopynix.test_flake_lock_graph" name="test_find_input_resolves_a_follows_edge[local]" time="0.028" /><testcase classname="tests.nanopynix.test_flake_lock_graph" name="test_both_engines_answer_the_same[local]" time="0.263" /><testcase classname="tests.nanopynix.test_flake_lock_graph" name="test_metadata_json_carries_the_whole_graph[local]" time="0.034" /><testcase classname="tests.nanopynix.test_fork_safety" name="test_a_subprocess_is_not_a_fork[local]" time="0.161" /><testcase classname="tests.nanopynix.test_fork_safety" name="test_an_inproc_operation_in_a_fork_is_refused[local]" time="0.152" /><testcase classname="tests.nanopynix.test_fork_safety" name="test_an_inproc_fork_tears_nothing_down[local]" time="0.151" /><testcase classname="tests.nanopynix.test_fork_safety" name="test_a_fork_cannot_open_an_inproc_session_of_its_own[local]" time="0.183" /><testcase classname="tests.nanopynix.test_fork_safety" name="test_an_rpc_operation_in_a_fork_is_refused[local]" time="0.307" /><testcase classname="tests.nanopynix.test_fork_safety" name="test_an_rpc_fork_leaves_the_workers_of_its_parent_alone[local]" time="0.299" /><testcase classname="tests.nanopynix.test_fork_safety" name="test_an_evaluator_needs_no_init_libexpr_before_it[local]" time="1.163" /><testcase classname="tests.nanopynix.test_fork_safety" name="test_a_fork_after_a_closed_inproc_session_is_still_refused[local]" time="0.173" /><testcase classname="tests.nanopynix.test_fork_safety" name="test_fork_first_then_open_still_works_for_inproc[local]" time="1.316" /><testcase classname="tests.nanopynix.test_fork_safety" name="test_a_forked_child_opens_an_rpc_session_of_its_own[local]" time="2.260" /><testcase classname="tests.nanopynix.test_fork_safety" name="test_a_forked_child_opens_a_stdio_session[local]" time="1.895" /><testcase classname="tests.nanopynix.test_fork_safety" name="test_an_rpc_session_starts_a_spawn_worker_with_no_fork[local]" time="1.824" /><testcase classname="tests.nanopynix.test_hostile_inputs" name="test_a_settings_value_nix_rejects_names_the_setting[local-negative-max-jobs]" time="0.160" /><testcase classname="tests.nanopynix.test_hostile_inputs" name="test_a_refused_setting_leaves_no_worker_behind[local]" time="0.181" /><testcase classname="tests.nanopynix.test_hostile_inputs" name="test_an_unknown_experimental_feature_is_a_bare_runtime_error[local]" time="0.156" /><testcase classname="tests.nanopynix.test_hostile_inputs" name="test_an_unknown_evaluator_handle_names_the_handle[local]" time="0.211" /><testcase classname="tests.nanopynix.test_hostile_inputs" name="test_handle_zero_still_says_to_open_an_evaluator[local]" time="0.220" /><testcase classname="tests.nanopynix.test_hostile_inputs" name="test_an_unknown_value_handle_still_answers_with_a_bare_key_error[local]" time="0.205" /><testcase classname="tests.nanopynix.test_hostile_inputs" name="test_a_value_proxy_says_so_after_its_evaluator_closes[local]" time="0.208" /><testcase classname="tests.nanopynix.test_hostile_inputs" name="test_a_value_proxy_says_so_after_the_worker_dies[local]" time="0.191" /><testcase classname="tests.nanopynix.test_logging" name="test_an_error_event_carries_the_same_payload_on_both_engines[local]" time="0.245" /><testcase classname="tests.nanopynix.test_repl_scope_capacity" name="test_inproc_fills_the_repl_scope_exactly_to_the_end[local]" time="0.030" /><testcase classname="tests.nanopynix.test_repl_scope_capacity" name="test_rpc_fills_the_repl_scope_exactly_to_the_end[local]" time="0.476" /><testcase classname="tests.nanopynix.test_repl_scope_capacity" name="test_inproc_refuses_one_binding_past_the_end[local]" time="0.026" /><testcase classname="tests.nanopynix.test_repl_scope_capacity" name="test_rpc_refuses_one_binding_past_the_end[local]" time="0.245" /><testcase classname="tests.nanopynix.test_scalar_accessor_semantics" name="test_inproc_navigation_accessors_are_strict[local-42]" time="0.009" /><testcase classname="tests.nanopynix.test_scalar_accessor_semantics" name="test_rpc_navigation_accessors_are_strict[local-42]" time="0.223" /><testcase classname="tests.nanopynix.test_scalar_accessor_semantics" name="test_inproc_as_accessors_are_strict[local-&quot;42&quot;]" time="0.011" /><testcase classname="tests.nanopynix.test_scalar_accessor_semantics" name="test_rpc_as_accessors_are_strict_the_same_way[local-&quot;42&quot;]" time="0.251" /><testcase classname="tests.nanopynix.test_scalar_accessor_semantics" name="test_inproc_apply_tostring_is_nix_tostring[local-&quot;x&quot;]" time="0.010" /><testcase classname="tests.nanopynix.test_scalar_accessor_semantics" name="test_rpc_apply_tostring_is_nix_tostring[local-&quot;x&quot;]" time="0.245" /><testcase classname="tests.nanopynix.test_scalar_accessor_semantics" name="test_apply_tostring_rejects_what_nix_rejects[local-{ a = 1; }]" time="0.229" /><testcase classname="tests.nanopynix.test_scalar_accessor_semantics" name="test_apply_reaches_any_builtin[local-builtins.length]" time="0.008" /><testcase classname="tests.nanopynix.test_scalar_accessor_semantics" name="test_apply_accepts_an_already_evaluated_function[local]" time="0.009" /><testcase classname="tests.nanopynix.test_scalar_accessor_semantics" name="test_inproc_reads_a_string_carrying_store_path_context[local]" time="0.008" /><testcase classname="tests.nanopynix.test_scalar_accessor_semantics" name="test_rpc_reads_a_string_carrying_store_path_context[local]" time="0.206" /><testcase classname="tests.nanopynix.test_scalar_accessor_semantics" name="test_inproc_deep_conversion_follows_nix_tojson[local-{ a = 1; b = [ 1 &quot;two&quot; ]; }]" time="0.007" /><testcase classname="tests.nanopynix.test_scalar_accessor_semantics" name="test_inproc_deep_conversion_rejects_a_function[local-x: x]" time="0.007" /><testcase classname="tests.nanopynix.test_scalar_accessor_semantics" name="test_deep_conversion_of_a_derivation_terminates[local]" time="0.006" /><testcase classname="tests.nanopynix.test_scalar_accessor_semantics" name="test_deep_conversion_of_a_true_cycle_raises_instead_of_crashing[local]" time="0.068" /><testcase classname="tests.nanopynix.test_scalar_accessor_semantics" name="test_max_call_depth_is_a_nix_error_with_error_info[local]" time="0.012" /><testcase classname="tests.nanopynix.test_scalar_accessor_semantics" name="test_inproc_reports_runaway_recursion_at_nixs_default_depth[local]" time="0.050" /><testcase classname="tests.nanopynix.test_scalar_accessor_semantics" name="test_rpc_reports_runaway_recursion_at_nixs_default_depth[local]" time="0.258" /><testcase classname="tests.nanopynix.test_session_env" name="test_the_worker_reads_the_value_the_session_named[local]" time="0.224" /><testcase classname="tests.nanopynix.test_session_env" name="test_the_worker_keeps_the_environment_it_inherited[local]" time="0.204" /><testcase classname="tests.nanopynix.test_store_dump_db" name="test_dump_db_matches_the_nix_store_command[local]" time="0.262" /><testcase classname="tests.nanopynix.test_store_dump_db" name="test_both_engines_produce_the_same_registration[local]" time="0.439" /><testcase classname="tests.nanopynix.test_store_dump_db" name="test_the_records_follow_the_order_of_the_argument[local]" time="0.011" /><testcase classname="tests.nanopynix.test_store_dump_db" name="test_show_hash_and_show_derivers_drop_their_fields[local]" time="0.222" /><testcase classname="tests.nanopynix.test_store_dump_db" name="test_the_registration_makes_a_store_that_never_saw_the_paths_valid[local]" time="0.333" /><testcase classname="tests.nanopynix.test_store_engine_parity_semantics" name="test_engines_agree_on_success[local-query_missing_no_selector]" time="0.433" /><testcase classname="tests.nanopynix.test_store_engine_parity_semantics" name="test_engines_agree_on_failure[local-parse_store_path_'empty']" time="0.431" /><testcase classname="tests.nanopynix.test_store_engine_parity_semantics" name="test_engines_agree_across_a_whole_input_row[local-is_valid_path]" time="0.442" /><testcase classname="tests.nanopynix.test_store_engine_parity_semantics" name="test_every_row_tells_its_inputs_apart[local-is_valid_path]" time="0.220" /><testcase classname="tests.nanopynix.test_store_engine_parity_semantics" name="test_engines_agree_across_a_hash_part_row[local-query_path_from_hash_part]" time="0.453" /><testcase classname="tests.nanopynix.test_store_engine_parity_semantics" name="test_an_unmapped_gc_action_is_a_ValueError_on_both_engines[local]" time="0.186" /><testcase classname="tests.nanopynix.test_store_engine_parity_semantics" name="test_the_selector_actually_reaches_nix[local]" time="0.009" /><testcase classname="tests.nanopynix.test_store_engine_parity_semantics" name="test_a_bare_drv_round_trips_through_its_own_reply[local]" time="0.006" /><testcase classname="tests.nanopynix.test_store_engine_parity_semantics" name="test_a_bare_drv_means_every_output_on_both_engines[local]" time="0.247" /><testcase classname="tests.nanopynix.test_store_exec" name="test_inproc_a_program_in_a_relocated_store_runs_through_the_exec_prefix[local]" time="0.263" /><testcase classname="tests.nanopynix.test_store_exec" name="test_rpc_a_program_in_a_relocated_store_runs_through_the_exec_prefix[local]" time="0.477" /><testcase classname="tests.nanopynix.test_store_metadata_fidelity" name="test_inproc_read_derivation_keeps_structured_attrs[local]" time="0.009" /><testcase classname="tests.nanopynix.test_store_metadata_fidelity" name="test_rpc_read_derivation_keeps_structured_attrs[local]" time="0.232" /><testcase classname="tests.nanopynix.test_store_metadata_fidelity" name="test_inproc_query_path_info_reports_signatures[local]" time="0.118" /><testcase classname="tests.nanopynix.test_store_metadata_fidelity" name="test_rpc_query_path_info_reports_signatures[local]" time="0.331" /><testcase classname="tests.nanopynix.test_store_metadata_fidelity" name="test_inproc_read_derivation_keeps_nested_input_drvs[local]" time="0.011" /><testcase classname="tests.nanopynix.test_store_metadata_fidelity" name="test_rpc_read_derivation_keeps_nested_input_drvs[local]" time="0.238" /><testcase classname="tests.nanopynix.test_stores" name="test_both_engines_open_auto_the_way_resolve_auto_uri_asks[local]" time="0.206" /><testcase classname="tests.nanopynix.test_test_environment" name="test_isolated_environment_uses_its_configured_store[local]" time="0.216" /><testcase classname="tests.nanopynix.test_test_environment" name="test_local_and_daemon_roots_are_backend_specific[local]" time="0.001" /><testcase classname="tests.nanopynix.test_test_environment" name="test_inproc_session_uses_its_configured_store[local]" time="0.020" /><testcase classname="tests.nanopynix.test_verbosity" name="test_both_engines_start_at_nixs_own_default_verbosity[local]" time="0.149" /><testcase classname="tests.nanopynix.test_verbosity" name="test_an_evaluator_owns_its_verbosity_and_falls_back_to_its_session[local]" time="0.251" /><testcase classname="tests.nanopynix.test_verbosity" name="test_two_evaluators_of_one_session_hold_different_levels[local]" time="0.222" /><testcase classname="tests.nanopynix.test_verbosity" name="test_a_store_logs_at_its_sessions_level_not_an_evaluators[local]" time="0.220" /><testcase classname="tests.nanopynix.test_verbosity" name="test_each_evaluator_filters_its_own_events_at_its_own_level[local]" time="0.228" /><testcase classname="tests.nanopynix.test_verbosity" name="test_a_change_of_level_reaches_a_thread_that_already_ran[local]" time="0.009" /><testcase classname="tests.nanopynix.test_verbosity" name="test_nix_filters_at_a_pinned_ceiling_that_no_call_moves[local]" time="0.004" /><testcase classname="tests.nanopynix.test_verbosity" name="test_verbosity_accessors_return_a_LogLevel_not_a_bare_int[local]" time="0.207" /><testcase classname="tests.pynix.test_build" name="test_build_file_derivation[local]" time="1.075" /><testcase classname="tests.pynix.test_build" name="test_build_file_derivation_attr[local]" time="0.796" /><testcase classname="tests.pynix.test_build" name="test_build_file_auto_calls_defaulted_lambda_before_attr[local]" time="0.825" /><testcase classname="tests.pynix.test_build" name="test_build_missing_attr_errors_before_build[local]" time="0.350" /><testcase classname="tests.pynix.test_build" name="test_build_flake_derivation[local]" time="9.557" /><testcase classname="tests.pynix.test_build" name="test_build_update_fod_without_file_errors[local]" time="0.017" /><testcase classname="tests.pynix.test_build" name="test_build_update_fod_with_a_fetched_file_errors[local]" time="0.004" /><testcase classname="tests.pynix.test_build" name="test_build_dry_run_without_update_fod_errors[local]" time="0.004" /><testcase classname="tests.pynix.test_build" name="test_build_propagates_a_non_fod_build_failure[local]" time="0.832" /><testcase classname="tests.pynix.test_build" name="test_build_with_separate_eval_store[local]" time="0.850" /><testcase classname="tests.pynix.test_build" name="test_build_update_fod_dry_run_reports_local_fetchurl_diff[local]" time="0.358" /><testcase classname="tests.pynix.test_build" name="test_build_update_fod_rewrites_and_rebuilds[local]" time="1.151" /><testcase classname="tests.pynix.test_build" name="test_build_update_fod_rewrites_each_named_run_command_dependency[local]" time="4.438" /><testcase classname="tests.pynix.test_build" name="test_eval_only_finds_fixed_output_dependencies_in_derivation_closure[local]" time="2.052" /><testcase classname="tests.pynix.test_build" name="test_build_update_fod_reports_an_ambiguous_hash_literal[local]" time="0.380" /><testcase classname="tests.pynix.test_build" name="test_build_target_raises_when_mismatch_is_not_in_the_target_closure[local]" time="0.718" /><testcase classname="tests.pynix.test_build" name="test_build_target_requires_a_file_target_to_update_a_fod[local]" time="0.309" /><testcase classname="tests.pynix.test_build" name="test_build_target_stops_after_ten_fixed_output_hash_updates[local]" time="4.855" /><testcase classname="tests.pynix.test_derivation_show" name="test_show_file[local]" time="0.911" /><testcase classname="tests.pynix.test_derivation_show" name="test_show_file_with_attr[local]" time="0.650" /><testcase classname="tests.pynix.test_derivation_show" name="test_show_flake[local]" time="12.373" /><testcase classname="tests.pynix.test_derivation_show" name="test_show_flake_greeting_is_not_derivation[local]" time="11.733" /><testcase classname="tests.pynix.test_derivation_show" name="test_show_file_missing_attr_errors[local]" time="0.339" /><testcase classname="tests.pynix.test_derivation_show" name="test_show_file_wrong_type_attr_errors[local]" time="0.350" /><testcase classname="tests.pynix.test_derivation_show" name="test_show_file_non_string_drv_path_errors[local]" time="0.352" /><testcase classname="tests.pynix.test_develop" name="test_print_dev_env_json_matches_nix[local]" time="1.692" /><testcase classname="tests.pynix.test_develop" name="test_print_dev_env_json_matches_nix_for_structured_attrs[local]" time="1.362" /><testcase classname="tests.pynix.test_develop" name="test_print_dev_env_prints_bash_that_restores_the_environment[local]" time="0.639" /><testcase classname="tests.pynix.test_develop" name="test_the_original_derivation_is_untouched[local]" time="1.825" /><testcase classname="tests.pynix.test_develop" name="test_a_derivation_whose_builder_is_not_bash_is_refused[local]" time="0.570" /><testcase classname="tests.pynix.test_develop" name="test_develop_runs_a_command_in_the_environment[local]" time="5.522" /><testcase classname="tests.pynix.test_develop" name="test_develop_reports_the_exit_status_of_its_command[local]" time="5.159" /><testcase classname="tests.pynix.test_eval" name="test_eval_expr[local]" time="0.324" /><testcase classname="tests.pynix.test_eval" name="test_eval_string[local]" time="0.310" /><testcase classname="tests.pynix.test_eval" name="test_eval_file[local]" time="0.325" /><testcase classname="tests.pynix.test_eval" name="test_eval_file_attr[local]" time="0.331" /><testcase classname="tests.pynix.test_eval" name="test_eval_json_sorted_keys[local]" time="0.333" /><testcase classname="tests.pynix.test_eval" name="test_eval_reads_expression_from_stdin[local]" time="0.319" /><testcase classname="tests.pynix.test_eval" name="test_eval_file_missing_attr_errors[local]" time="0.347" /><testcase classname="tests.pynix.test_flake_attr_selection" name="test_a_fragment_finds_the_packages_prefix_first[local]" time="0.355" /><testcase classname="tests.pynix.test_flake_attr_selection" name="test_a_fragment_falls_through_to_legacy_packages[local]" time="0.378" /><testcase classname="tests.pynix.test_flake_attr_selection" name="test_a_fragment_falls_through_to_the_bare_path[local]" time="0.374" /><testcase classname="tests.pynix.test_flake_attr_selection" name="test_a_leading_dot_reaches_the_top_level[local]" time="0.348" /><testcase classname="tests.pynix.test_flake_attr_selection" name="test_no_fragment_takes_the_default_of_the_command[local]" time="0.378" /><testcase classname="tests.pynix.test_flake_attr_selection" name="test_a_quoted_component_holds_its_dot[local]" time="0.358" /><testcase classname="tests.pynix.test_flake_attr_selection" name="test_a_missing_fragment_names_every_candidate[local]" time="0.368" /><testcase classname="tests.pynix.test_flake_attr_selection" name="test_the_attr_flag_still_selects_exactly_what_it_says[local]" time="0.356" /><testcase classname="tests.pynix.test_flake_metadata" name="test_flake_metadata_matches_nix[local]" time="0.437" /><testcase classname="tests.pynix.test_flake_metadata" name="test_the_locks_object_holds_the_whole_graph[local]" time="0.366" /><testcase classname="tests.pynix.test_flake_show" name="test_flake_show_root[local]" time="14.598" /><testcase classname="tests.pynix.test_flake_show" name="test_flake_show_with_hash_attrpath[local]" time="12.663" /><testcase classname="tests.pynix.test_flake_show" name="test_flake_show_with_a_separate_attrpath_flag_navigates_further[local]" time="12.621" /><testcase classname="tests.pynix.test_flake_show" name="test_flake_metadata_json_does_not_write_lock_file[local]" time="13.246" /><testcase classname="tests.pynix.test_flake_show" name="test_flake_info_aliases_metadata[local]" time="12.117" /><testcase classname="tests.pynix.test_log" name="test_nanopynix_store_get_build_log_from_populated_store[local]" time="2.920" /><testcase classname="tests.pynix.test_log" name="test_pynix_log_prints_build_log_from_populated_store[local]" time="0.314" /><testcase classname="tests.pynix.test_log" name="test_pynix_log_errors_when_build_log_unavailable[local]" time="0.004" /><testcase classname="tests.pynix.test_lsp" name="test_hover_resolves_a_real_evaluated_value[local]" time="0.255" /><testcase classname="tests.pynix.test_lsp" name="test_completion_lists_real_attribute_names[local]" time="0.254" /><testcase classname="tests.pynix.test_lsp" name="test_completion_resolves_options_through_a_full_module_system_eval[local]" time="0.478" /><testcase classname="tests.pynix.test_lsp" name="test_bare_attrpath_completion_falls_back_to_the_options_tree[local-config1.nix]" time="0.499" /><testcase classname="tests.pynix.test_lsp" name="test_pkgs_completion_lists_real_n
[...]
name="test_identifier_path_at_returns_none_off_an_identifier" time="0.002" /><testcase classname="tests.pynix.test_lsp" name="test_identifier_path_at_resolves_a_binding_attrpath_key" time="0.001" /><testcase classname="tests.pynix.test_lsp" name="test_string_literal_path_at_truncates_to_the_segment_under_the_cursor" time="0.001" /><testcase classname="tests.pynix.test_lsp" name="test_string_literal_path_at_truncates_through_a_middle_segment" time="0.001" /><testcase classname="tests.pynix.test_lsp" name="test_string_literal_path_at_on_the_final_segment_returns_the_whole_chain" time="0.001" /><testcase classname="tests.pynix.test_lsp" name="test_completion_target_at_splits_prefix_and_partial" time="0.001" /><testcase classname="tests.pynix.test_lsp" name="test_completion_target_at_handles_a_trailing_dot" time="0.002" /><testcase classname="tests.pynix.test_lsp" name="test_completion_target_at_returns_none_with_no_identifier_before_cursor" time="0.002" /><testcase classname="tests.pynix.test_lsp" name="test_parse_errors_flags_broken_syntax" time="0.001" /><testcase classname="tests.pynix.test_lsp" name="test_parse_errors_is_empty_for_valid_syntax" time="0.001" /><testcase classname="tests.pynix.test_lsp" name="test_top_level_symbols_lists_bindings" time="0.001" /><testcase classname="tests.pynix.test_lsp" name="test_top_level_lambda_formals_lists_declared_names" time="0.001" /><testcase classname="tests.pynix.test_lsp" name="test_top_level_lambda_formals_returns_none_for_a_plain_attrset" time="0.001" /><testcase classname="tests.pynix.test_lsp" name="test_top_level_lambda_formals_returns_none_for_a_single_identifier_lambda" time="0.001" /><testcase classname="tests.pynix.test_lsp" name="test_cursor_after_finds_the_default_offset_of_one" time="0.001" /><testcase classname="tests.pynix.test_lsp" name="test_cursor_after_finds_the_targets_own_line_without_a_needle" time="0.001" /><testcase classname="tests.pynix.test_lsp" name="test_cursor_after_respects_a_custom_offset" time="0.001" /><testcase classname="tests.pynix.test_lsp" name="test_cursor_after_narrows_the_search_with_a_needle" time="0.001" /><testcase classname="tests.pynix.test_lsp_e2e" name="test_completion_advertises_dot_as_a_trigger_character" time="2.816" /><testcase classname="tests.pynix.test_lsp_e2e" name="test_server_advertises_definition_rename_highlight_and_references_capabilities" time="0.002" /><testcase classname="tests.pynix.test_lsp_e2e" name="test_e2e_bare_attrpath_completion_falls_back_to_the_options_tree" time="1.893" /><testcase classname="tests.pynix.test_lsp_e2e" name="test_e2e_pkgs_completion_lists_real_nixpkgs_attributes" time="0.245" /><testcase classname="tests.pynix.test_lsp_e2e" name="test_e2e_hover_shows_the_declared_option" time="0.080" /><testcase classname="tests.pynix.test_lsp_e2e" name="test_e2e_go_to_definition_on_a_nixos_option_reference_lands_on_its_declaration" time="0.042" /><testcase classname="tests.pynix.test_lsp_e2e" name="test_e2e_renaming_a_let_binding_updates_every_reference_over_real_stdio" time="0.607" /><testcase classname="tests.pynix.test_nix_logs" name="test_nix_log_forwarder_skips_empty_activity_events" time="0.002" /><testcase classname="tests.pynix.test_pynix_process_title" name="test_main_identifies_pynix_manager" time="0.002" /><testcase classname="tests.pynix.test_repl" name="test_repl_history_uses_xdg_state_home" time="0.002" /><testcase classname="tests.pynix.test_repl" name="test_repl_loop_keeps_bindings_and_prints_expression_values" time="0.003" /><testcase classname="tests.pynix.test_repl" name="test_repl_load_command_uses_repl_load_file" time="0.001" /><testcase classname="tests.pynix.test_repl" name="test_repl_loads_file_target_into_initial_scope" time="0.002" /><testcase classname="tests.pynix.test_repl" name="test_repl_last_loaded_includes_initial_target" time="0.001" /><testcase classname="tests.pynix.test_repl" name="test_repl_verbosity_shows_and_updates_nix_log_level" time="0.002" /><testcase classname="tests.pynix.test_repl" name="test_repl_preserves_nix_error_ansi" time="0.001" /><testcase classname="tests.pynix.test_repl" name="test_editor_argv_only_includes_line_for_line_aware_editors" time="0.001" /><testcase classname="tests.pynix.test_repl" name="test_repl_edit_reloads_initial_sources" time="0.001" /><testcase classname="tests.pynix.test_repl" name="test_repl_run_prefers_meta_main_program" time="0.007" /><testcase classname="tests.pynix.test_repl" name="test_repl_run_command_runs_evaluated_derivation" time="0.008" /><testcase classname="tests.pynix.test_repl" name="test_repl_exec_runs_realised_argv_list" time="0.007" /><testcase classname="tests.pynix.test_repl" name="test_repl_shell_runs_realised_string" time="0.007" /><testcase classname="tests.pynix.test_repl" name="test_repl_run_warns_when_using_pname" time="0.001" /><testcase classname="tests.pynix.test_repl" name="test_repl_completion_uses_commands_scope_and_attrsets" time="0.006" /><testcase classname="tests.pynix.test_repl" name="test_repl_completer_sync_hook_returns_no_completions" time="0.001" /><testcase classname="tests.pynix.test_repl" name="test_repl_completer_returns_nothing_for_a_non_expression_command" time="0.001" /><testcase classname="tests.pynix.test_repl" name="test_repl_completer_returns_nothing_when_cursor_has_no_completable_target" time="0.002" /><testcase classname="tests.pynix.test_repl" name="test_repl_completer_swallows_nix_errors_from_attr_lookup" time="0.002" /><testcase classname="tests.pynix.test_repl" name="test_repl_tree_sitter_lexer_highlights_nix_expression" time="0.004" /><testcase classname="tests.pynix.test_repl" name="test_repl_tree_sitter_lexer_highlights_plain_variable_references" time="0.003" /><testcase classname="tests.pynix.test_repl" name="test_repl_tree_sitter_lexer_skips_highlighting_for_non_expression_input" time="0.002" /><testcase classname="tests.pynix.test_repl" name="test_repl_is_a_pynix_subcommand" time="0.002" /><testcase classname="tests.pynix.test_repl" name="test_repl_accepts_file_and_attr_options" time="0.002" /><testcase classname="tests.pynix.test_repl" name="test_nix_input_plain_expression_has_zero_offset" time="0.001" /><testcase classname="tests.pynix.test_repl" name="test_nix_input_returns_none_for_command_without_argument" time="0.001" /><testcase classname="tests.pynix.test_repl" name="test_nix_input_returns_none_for_non_expression_command" time="0.001" /><testcase classname="tests.pynix.test_repl" name="test_nix_input_returns_argument_and_offset_for_expression_command" time="0.001" /><testcase classname="tests.pynix.test_repl" name="test_repl_loop_returns_quietly_on_eof" time="0.001" /><testcase classname="tests.pynix.test_repl" name="test_repl_loop_recovers_from_keyboard_interrupt" time="0.002" /><testcase classname="tests.pynix.test_repl" name="test_repl_loop_skips_blank_lines" time="0.001" /><testcase classname="tests.pynix.test_repl" name="test_repl_loop_help_command_reprints_help" time="0.001" /><testcase classname="tests.pynix.test_repl" name="test_repl_loop_unknown_command_reports_error" time="0.001" /><testcase classname="tests.pynix.test_repl" name="test_repl_loop_print_command_evaluates_expression" time="0.001" /><testcase classname="tests.pynix.test_repl" name="test_repl_loop_type_command_shows_nix_type" time="0.001" /><testcase classname="tests.pynix.test_repl" name="test_repl_loop_build_command_prints_outputs" time="0.001" /><testcase classname="tests.pynix.test_repl" name="test_repl_loop_add_command_adds_attrs" time="0.001" /><testcase classname="tests.pynix.test_repl" name="test_repl_loop_load_flake_command_uses_repl_eval_flake" time="0.001" /><testcase classname="tests.pynix.test_repl" name="test_repl_loop_reload_command_reruns_loaded_sources" time="0.001" /><testcase classname="tests.pynix.test_repl" name="test_repl_loop_verbosity_reports_invalid_level" time="0.001" /><testcase classname="tests.pynix.test_repl" name="test_repl_loop_reports_nix_error_from_a_line_expression" time="0.001" /><testcase classname="tests.pynix.test_repl" name="test_print_error_formats_repl_run_error_as_plain_text" time="0.001" /><testcase classname="tests.pynix.test_repl" name="test_load_initial_target_returns_empty_when_no_file_or_flake_given" time="0.007" /><testcase classname="tests.pynix.test_repl" name="test_run_derivation_prints_main_program_fallback_warning" time="0.006" /><testcase classname="tests.pynix.test_repl" name="test_run_derivation_reports_exec_failure" time="0.002" /><testcase classname="tests.pynix.test_repl" name="test_run_derivation_warns_on_nonzero_exit" time="0.005" /><testcase classname="tests.pynix.test_repl" name="test_editor_argv_rejects_unparsable_editor" time="0.002" /><testcase classname="tests.pynix.test_repl" name="test_editor_argv_rejects_empty_editor" time="0.001" /><testcase classname="tests.pynix.test_repl" name="test_edit_runs_editor_and_returns_code" time="0.005" /><testcase classname="tests.pynix.test_repl" name="test_edit_reports_launch_failure" time="0.002" /><testcase classname="tests.pynix.test_repl" name="test_edit_warns_on_nonzero_exit" time="0.005" /><testcase classname="tests.pynix.test_repl" name="test_exec_argv_rejects_empty_list" time="0.001" /><testcase classname="tests.pynix.test_repl" name="test_exec_argv_reports_launch_failure" time="0.001" /><testcase classname="tests.pynix.test_repl" name="test_exec_argv_warns_on_nonzero_exit" time="0.005" /><testcase classname="tests.pynix.test_repl" name="test_primary_output_rejects_missing_out" time="0.001" /><testcase classname="tests.pynix.test_repl" name="test_shell_rejects_empty_command" time="0.001" /><testcase classname="tests.pynix.test_repl" name="test_shell_reports_launch_failure" time="0.001" /><testcase classname="tests.pynix.test_repl" name="test_shell_warns_on_nonzero_exit" time="0.004" /><testcase classname="tests.pynix.test_repl" name="test_main_program_falls_back_to_pname_when_meta_lacks_main_program" time="0.001" /><testcase classname="tests.pynix.test_repl" name="test_main_program_rejects_non_string_meta_main_program" time="0.001" /><testcase classname="tests.pynix.test_repl" name="test_main_program_rejects_non_string_pname" time="0.001" /><testcase classname="tests.pynix.test_repl" name="test_main_program_rejects_derivation_with_no_identifying_attrs" time="0.001" /><testcase classname="tests.pynix.test_repl" name="test_main_program_rejects_non_string_name" time="0.001" /><testcase classname="tests.pynix.test_repl" name="test_main_program_falls_back_to_derivation_name" time="0.001" /><testcase classname="tests.pynix.test_repl" name="test_derivation_name_part_keeps_dashless_names_whole" time="0.001" /><testcase classname="tests.pynix.test_repl" name="test_repl_run_rejects_mutually_exclusive_file_and_flake" time="0.003" /><testcase classname="tests.pynix.test_repl" name="test_repl_loop_returns_to_the_prompt_when_ctrl_c_stops_an_evaluation" time="0.002" /><testcase classname="tests.pynix.test_repl" name="test_the_repl_leaves_when_the_evaluator_is_abandoned" time="0.001" /><testcase classname="tests.pynix.test_repl" name="test_the_repl_leaves_no_sigint_handler_behind" time="0.001" /><testcase classname="tests.pynix.test_store_gc" name="test_print_dead_help" time="0.002" /><testcase classname="tests.pynix.test_store_gc" name="test_store_cat_local_path_mapping_unit" time="0.004" /><testcase classname="tests.pynix.test_store_gc" name="test_store_ls_local_path_mapping_unit" time="0.005" /><testcase classname="tests.pynix.test_store_gc" name="test_store_diff_closures_reports_added_removed_and_size_delta" time="0.003" /><testcase classname="tests.pynix.test_syntax_scope" name="test_let_binding_definition_finds_every_reference" time="0.002" /><testcase classname="tests.pynix.test_syntax_scope" name="test_let_binding_reference_resolves_back_to_the_same_scope_as_its_definition" time="0.003" /><testcase classname="tests.pynix.test_syntax_scope" name="test_a_nested_let_binding_with_the_same_name_shadows_the_outer_one" time="0.002" /><testcase classname="tests.pynix.test_syntax_scope" name="test_a_formals_default_expression_sees_a_sibling_formal" time="0.002" /><testcase classname="tests.pynix.test_syntax_scope" name="test_renaming_a_formal_from_a_reference_site_finds_the_same_scope_as_from_its_definition" time="0.002" /><testcase classname="tests.pynix.test_syntax_scope" name="test_a_universal_at_pattern_binding_is_renameable" time="0.002" /><testcase classname="tests.pynix.test_syntax_scope" name="test_an_inherited_name_is_not_renameable_and_does_not_fall_through_to_an_outer_scope" time="0.001" /><testcase classname="tests.pynix.test_syntax_scope" name="test_a_multi_segment_attrpath_binding_is_not_renameable" time="0.001" /><testcase classname="tests.pynix.test_syntax_scope" name="test_a_module_system_option_path_has_no_local_scope" time="0.001" /><testcase classname="tests.pynix.test_syntax_scope" name="test_path_literal_at_returns_the_raw_source_text" time="0.001" /><testcase classname="tests.pynix.test_syntax_scope" name="test_path_literal_at_returns_none_for_an_interpolated_path" time="0.001" /><testcase classname="tests.pynix.test_syntax_scope" name="test_path_literal_at_returns_none_outside_any_path_literal" time="0.001" /><testcase classname="tests.pynix.test_target_unit" name="test_evaluate_target_with_a_file_skips_auto_call_by_default" time="0.002" /><testcase classname="tests.pynix.test_target_unit" name="test_evaluate_target_raises_if_flake_is_missing_after_bypassing_validate" time="0.001" /><testcase classname="tests.pynix.test_target_unit" name="test_select_attr_rejects_an_empty_attrpath_component" time="0.001" /><testcase classname="tests.pynix.test_target_unit" name="test_a_local_file_keeps_its_whole_argument" time="0.003" /><testcase classname="tests.pynix.test_target_unit" name="test_a_local_file_splits_its_fragment" time="0.003" /><testcase classname="tests.pynix.test_target_unit" name="test_a_local_directory_wins_over_the_registry" time="0.002" /><testcase classname="tests.pynix.test_target_unit" name="test_a_written_path_stays_a_path_when_it_is_absent[./missing.nix]" time="0.002" /><testcase classname="tests.pynix.test_target_unit" name="test_a_written_path_stays_a_path_when_it_is_absent[../missing.nix]" time="0.002" /><testcase classname="tests.pynix.test_target_unit" name="test_a_written_path_stays_a_path_when_it_is_absent[/etc/missing.nix]" time="0.002" /><testcase classname="tests.pynix.test_target_unit" name="test_a_written_path_stays_a_path_when_it_is_absent[~/missing.nix]" time="0.003" /><testcase classname="tests.pynix.test_target_unit" name="test_a_written_path_still_splits_its_fragment" time="0.002" /><testcase classname="tests.pynix.test_target_unit" name="test_the_evaluator_keeps_what_it_resolves_itself[&lt;nixpkgs&gt;]" time="0.002" /><testcase classname="tests.pynix.test_target_unit" name="test_the_evaluator_keeps_what_it_resolves_itself[channel:nixos-unstable]" time="0.002" /><testcase classname="tests.pynix.test_target_unit" name="test_the_evaluator_keeps_what_it_resolves_itself[https://example.com/x.tar.gz]" time="0.003" /><testcase classname="tests.pynix.test_target_unit" name="test_the_evaluator_keeps_what_it_resolves_itself[flake:nixpkgs]" time="0.003" /><testcase classname="tests.pynix.test_target_unit" name="test_a_pseudo_url_survives_its_double_slash" time="0.002" /><testcase classname="tests.pynix.test_target_unit" name="test_a_reference_that_carries_a_scheme_goes_straight_to_the_registry[github:NixOS/nixpkgs-flake:github:NixOS/nixpkgs]" time="0.003" /><testcase classname="tests.pynix.test_target_unit" name="test_a_reference_that_carries_a_scheme_goes_straight_to_the_registry[git+https://example.com/x-flake:git+https://example.com/x]" time="0.004" /><testcase classname="tests.pynix.test_target_unit" name="test_a_reference_that_carries_a_scheme_goes_straight_to_the_registry[path:/tmp/tree-flake:path:/tmp/tree]" time="0.003" /><testcase classname="tests.pynix.test_target_unit" name="test_a_bare_name_asks_the_lookup_path_before_the_registry[nixpkgs]" time="0.003" /><testcase classname="tests.pynix.test_target_unit" name="test_a_bare_name_asks_the_lookup_path_before_the_registry[nixpkgs/nixos-25.05]" time="0.003" /><testcase classname="tests.pynix.test_target_unit" name="test_a_reference_splits_its_fragment" time="0.003" /><testcase classname="tests.pynix.test_target_unit" name="test_an_empty_fragment_is_no_fragment" time="0.003" /><testcase classname="tests.pynix.test_target_unit" name="test_an_empty_argument_is_an_error" time="0.001" /><testcase classname="tests.pynix.test_target_unit" name="test_a_bare_fragment_is_an_error" time="0.002" /><testcase classname="tests.pynix.test_target_unit" name="test_standard_input_is_refused_by_name" time="0.001" /><testcase classname="tests.pynix.test_target_unit" name="test_the_target_resolves_its_own_file" time="0.003" /><testcase classname="tests.pynix.test_target_unit" name="test_a_fragment_selects_after_the_file" time="0.003" /><testcase classname="tests.pynix.test_target_unit" name="test_the_base_search_matches_source_expr_command" time="0.002" /><testcase classname="tests.pynix.test_target_unit" name="test_the_dev_shell_search_puts_dev_shells_in_front" time="0.002" /><testcase classname="tests.pynix.test_target_unit" name="test_the_app_search_puts_apps_in_front" time="0.001" /><testcase classname="tests.pynix.test_target_unit" name="test_the_formatter_search_has_no_prefix" time="0.001" /><testcase classname="tests.pynix.test_target_unit" name="test_the_repl_search_defaults_to_the_root" time="0.001" /><testcase classname="tests.pynix.test_target_unit" name="test_the_lookup_path_answers_before_the_registry" time="0.001" /><testcase classname="tests.pynix.test_target_unit" name="test_the_registry_answers_when_the_lookup_path_has_no_such_name" time="0.001" /><testcase classname="tests.pynix.test_target_unit" name="test_a_found_name_that_fails_to_evaluate_keeps_its_own_error" time="0.001" /><testcase classname="tests.pynix.test_target_unit" name="test_the_last_error_survives_when_no_candidate_answers" time="0.001" /><testcase classname="tests.pynix.test_terranix_jsonschema" name="test_cty_type_translates_primitives" time="0.001" /><testcase classname="tests.pynix.test_terranix_jsonschema" name="test_cty_type_translates_list_and_set" time="0.001" /><testcase classname="tests.pynix.test_terranix_jsonschema" name="test_cty_type_translates_map" time="0.001" /><testcase classname="tests.pynix.test_terranix_jsonschema" name="test_cty_type_translates_object" time="0.001" /><testcase classname="tests.pynix.test_terranix_jsonschema" name="test_cty_type_translates_tuple" time="0.001" /><testcase classname="tests.pynix.test_terranix_jsonschema" name="test_cty_type_translates_dynamic_as_unconstrained" time="0.001" /><testcase classname="tests.pynix.test_terranix_jsonschema" name="test_attribute_marks_pure_computed_as_read_only" time="0.001" /><testcase classname="tests.pynix.test_terranix_jsonschema" name="test_attribute_marks_computed_and_optional_with_vendor_extension" time="0.001" /><testcase classname="tests.pynix.test_terranix_jsonschema" name="test_attribute_carries_description_and_deprecated" time="0.001" /><testcase classname="tests.pynix.test_terranix_jsonschema" name="test_block_hoists_required_attributes" time="0.001" /><testcase classname="tests.pynix.test_terranix_jsonschema" name="test_block_converts_nested_single_block_as_object" time="0.003" /><testcase classname="tests.pynix.test_terranix_jsonschema" name="test_block_converts_nested_list_block_as_array_of_object" time="0.001" /><testcase classname="tests.pynix.test_terranix_jsonschema" name="test_block_carries_its_own_description_and_deprecated" time="0.001" /><testcase classname="tests.pynix.test_terranix_jsonschema" name="test_block_without_a_description_omits_the_key" time="0.001" /><testcase classname="tests.pynix.test_terranix_jsonschema" name="test_converted_block_validates_via_the_generic_engine" time="15.925" /></testsuite></testsuites>